#
# There is insufficient memory for the Java Runtime Environment to continue.
# Native memory allocation (malloc) failed to allocate 845872 bytes for Chunk::new
# Possible reasons:
#   The system is out of physical RAM or swap space
#   The process is running with CompressedOops enabled, and the Java Heap may be blocking the growth of the native heap
# Possible solutions:
#   Reduce memory load on the system
#   Increase physical memory or swap space
#   Check if swap backing store is full
#   Decrease Java heap size (-Xmx/-Xms)
#   Decrease number of Java threads
#   Decrease Java thread stack sizes (-Xss)
#   Set larger code cache with -XX:ReservedCodeCacheSize=
#   JVM is running with Unscaled Compressed Oops mode in which the Java heap is
#     placed in the first 4GB address space. The Java Heap base address is the
#     maximum limit for the native heap growth. Please use -XX:HeapBaseMinAddress
#     to set the Java Heap base and to place the Java Heap above 4GB virtual address.
# This output file may be truncated or incomplete.
#
#  Out of Memory Error (arena.cpp:189), pid=7248, tid=8044
#
# JRE version: OpenJDK Runtime Environment Temurin-17.0.4.1+1 (17.0.4.1+1) (build 17.0.4.1+1)
# Java VM: OpenJDK 64-Bit Server VM Temurin-17.0.4.1+1 (17.0.4.1+1, mixed mode, tiered, compressed oops, compressed class ptrs, parallel gc, windows-amd64)
# No core dump will be written. Minidumps are not enabled by default on client versions of Windows
#

---------------  S U M M A R Y ------------

Command Line: --add-modules=ALL-SYSTEM --add-opens=java.base/java.util=ALL-UNNAMED --add-opens=java.base/java.lang=ALL-UNNAMED --add-opens=java.base/sun.nio.fs=ALL-UNNAMED -Declipse.application=org.eclipse.jdt.ls.core.id1 -Dosgi.bundles.defaultStartLevel=4 -Declipse.product=org.eclipse.jdt.ls.core.product -Djava.import.generatesMetadataFilesAtProjectRoot=false -Dfile.encoding=utf8 -XX:+UseParallelGC -XX:GCTimeRatio=4 -XX:AdaptiveSizePolicyWeight=90 -Dsun.zip.disableMemoryMapping=true -Xmx1G -Xms100m -Xlog:disable -javaagent:c:\Users\gtkri\.vscode\extensions\redhat.java-1.12.0-win32-x64\lombok\lombok-1.18.24.jar -XX:+HeapDumpOnOutOfMemoryError -XX:HeapDumpPath=c:\Users\gtkri\AppData\Roaming\Code\User\workspaceStorage\c26d9e5ee8cb6cb9761d291b0f992107\redhat.java c:\Users\gtkri\.vscode\extensions\redhat.java-1.12.0-win32-x64\server\plugins\org.eclipse.equinox.launcher_1.6.400.v20210924-0641.jar -configuration c:\Users\gtkri\AppData\Roaming\Code\User\globalStorage\redhat.java\1.12.0\config_win -data c:\Users\gtkri\AppData\Roaming\Code\User\workspaceStorage\c26d9e5ee8cb6cb9761d291b0f992107\redhat.java\jdt_ws

Host: 11th Gen Intel(R) Core(TM) i5-1135G7 @ 2.40GHz, 8 cores, 7G,  Windows 11 , 64 bit Build 22621 (10.0.22621.755)
Time: Mon Nov 14 14:02:31 2022 SE Asia Standard Time elapsed time: 4.488608 seconds (0d 0h 0m 4s)

---------------  T H R E A D  ---------------

Current thread (0x00000170bd021c90):  JavaThread "C2 CompilerThread1" daemon [_thread_in_native, id=8044, stack(0x0000000c21a00000,0x0000000c21b00000)]


Current CompileTask:
C2:   4488 4095       4       org.eclipse.osgi.internal.loader.BundleLoader::searchHooks (192 bytes)

Stack: [0x0000000c21a00000,0x0000000c21b00000]
Native frames: (J=compiled Java code, j=interpreted, Vv=VM code, C=native code)
V  [jvm.dll+0x67731a]
V  [jvm.dll+0x832284]
V  [jvm.dll+0x833a2e]
V  [jvm.dll+0x834093]
V  [jvm.dll+0x245775]
V  [jvm.dll+0xabd7b]
V  [jvm.dll+0xac30c]
V  [jvm.dll+0x363a97]
V  [jvm.dll+0x32e011]
V  [jvm.dll+0x32d4ba]
V  [jvm.dll+0x218681]
V  [jvm.dll+0x217aa1]
V  [jvm.dll+0x1a3f8d]
V  [jvm.dll+0x227498]
V  [jvm.dll+0x2255e5]
V  [jvm.dll+0x7e7e9b]
V  [jvm.dll+0x7e240a]
V  [jvm.dll+0x6761a5]
C  [ucrtbase.dll+0x29363]
C  [KERNEL32.DLL+0x1244d]
C  [ntdll.dll+0x5dfb8]


---------------  P R O C E S S  ---------------

Threads class SMR info:
_java_thread_list=0x00000170bfbabb60, length=27, elements={
0x00000170a751e9f0, 0x00000170bb39d040, 0x00000170bb39e0a0, 0x00000170bb3ae8a0,
0x00000170bce4d340, 0x00000170bce75fd0, 0x00000170bce78040, 0x00000170bce7d490,
0x00000170bce7de40, 0x00000170bce7fb10, 0x00000170bd008cf0, 0x00000170bd021c90,
0x00000170bd00a030, 0x00000170bd00a9d0, 0x00000170bd008350, 0x00000170bd00aea0,
0x00000170bd009690, 0x00000170bd008820, 0x00000170bd0091c0, 0x00000170bd00b840,
0x00000170bd009b60, 0x00000170bf93a720, 0x00000170bd007e80, 0x00000170c1c87d00,
0x00000170c1c86e90, 0x00000170c1c8d3a0, 0x00000170c1c8d870
}

Java Threads: ( => current thread )
  0x00000170a751e9f0 JavaThread "main" [_thread_blocked, id=4520, stack(0x0000000c20d00000,0x0000000c20e00000)]
  0x00000170bb39d040 JavaThread "Reference Handler" daemon [_thread_blocked, id=10044, stack(0x0000000c21000000,0x0000000c21100000)]
  0x00000170bb39e0a0 JavaThread "Finalizer" daemon [_thread_blocked, id=7772, stack(0x0000000c21100000,0x0000000c21200000)]
  0x00000170bb3ae8a0 JavaThread "Signal Dispatcher" daemon [_thread_blocked, id=8424, stack(0x0000000c21200000,0x0000000c21300000)]
  0x00000170bce4d340 JavaThread "Attach Listener" daemon [_thread_blocked, id=4996, stack(0x0000000c21300000,0x0000000c21400000)]
  0x00000170bce75fd0 JavaThread "Service Thread" daemon [_thread_blocked, id=4236, stack(0x0000000c21400000,0x0000000c21500000)]
  0x00000170bce78040 JavaThread "Monitor Deflation Thread" daemon [_thread_blocked, id=13632, stack(0x0000000c21500000,0x0000000c21600000)]
  0x00000170bce7d490 JavaThread "C2 CompilerThread0" daemon [_thread_in_native, id=6772, stack(0x0000000c21600000,0x0000000c21700000)]
  0x00000170bce7de40 JavaThread "C1 CompilerThread0" daemon [_thread_in_native, id=10732, stack(0x0000000c21700000,0x0000000c21800000)]
  0x00000170bce7fb10 JavaThread "Sweeper thread" daemon [_thread_blocked, id=2864, stack(0x0000000c21800000,0x0000000c21900000)]
  0x00000170bd008cf0 JavaThread "Common-Cleaner" daemon [_thread_blocked, id=13956, stack(0x0000000c21900000,0x0000000c21a00000)]
=>0x00000170bd021c90 JavaThread "C2 CompilerThread1" daemon [_thread_in_native, id=8044, stack(0x0000000c21a00000,0x0000000c21b00000)]
  0x00000170bd00a030 JavaThread "Notification Thread" daemon [_thread_blocked, id=328, stack(0x0000000c21b00000,0x0000000c21c00000)]
  0x00000170bd00a9d0 JavaThread "Active Thread: Equinox Container: 69972e83-5bcb-4f55-94bd-41827b05367b" [_thread_blocked, id=5156, stack(0x0000000c22300000,0x0000000c22400000)]
  0x00000170bd008350 JavaThread "Framework Event Dispatcher: Equinox Container: 69972e83-5bcb-4f55-94bd-41827b05367b" daemon [_thread_blocked, id=2952, stack(0x0000000c22400000,0x0000000c22500000)]
  0x00000170bd00aea0 JavaThread "Start Level: Equinox Container: 69972e83-5bcb-4f55-94bd-41827b05367b" daemon [_thread_blocked, id=6660, stack(0x0000000c22500000,0x0000000c22600000)]
  0x00000170bd009690 JavaThread "SCR Component Actor" daemon [_thread_blocked, id=8168, stack(0x0000000c22600000,0x0000000c22700000)]
  0x00000170bd008820 JavaThread "SCR Component Registry" daemon [_thread_blocked, id=5484, stack(0x0000000c22900000,0x0000000c22a00000)]
  0x00000170bd0091c0 JavaThread "Worker-JM" [_thread_blocked, id=7448, stack(0x0000000c21d00000,0x0000000c21e00000)]
  0x00000170bd00b840 JavaThread "Worker-0" [_thread_blocked, id=8200, stack(0x0000000c22a00000,0x0000000c22b00000)]
  0x00000170bd009b60 JavaThread "Worker-1: Initialize Workspace" [_thread_in_native, id=10332, stack(0x0000000c22b00000,0x0000000c22c00000)]
  0x00000170bf93a720 JavaThread "C2 CompilerThread2" daemon [_thread_in_native, id=9236, stack(0x0000000c22c00000,0x0000000c22d00000)]
  0x00000170bd007e80 JavaThread "Java indexing" daemon [_thread_blocked, id=9360, stack(0x0000000c22d00000,0x0000000c22e00000)]
  0x00000170c1c87d00 JavaThread "JNA Cleaner" daemon [_thread_blocked, id=11252, stack(0x0000000c22e00000,0x0000000c22f00000)]
  0x00000170c1c86e90 JavaThread "pool-2-thread-1" [_thread_blocked, id=5324, stack(0x0000000c22f00000,0x0000000c23000000)]
  0x00000170c1c8d3a0 JavaThread "pool-1-thread-1" [_thread_in_vm, id=13672, stack(0x0000000c23000000,0x0000000c23100000)]
  0x00000170c1c8d870 JavaThread "Worker-2" [_thread_blocked, id=12108, stack(0x0000000c23100000,0x0000000c23200000)]

Other Threads:
  0x00000170bce30c20 VMThread "VM Thread" [stack: 0x0000000c20f00000,0x0000000c21000000] [id=2588]
  0x00000170bde28a90 WatcherThread [stack: 0x0000000c21c00000,0x0000000c21d00000] [id=11224]
  0x00000170a7533980 GCTaskThread "GC Thread#0" [stack: 0x0000000c20e00000,0x0000000c20f00000] [id=5316]
  0x00000170bf1db020 GCTaskThread "GC Thread#1" [stack: 0x0000000c21e00000,0x0000000c21f00000] [id=2260]
  0x00000170bf1db2d0 GCTaskThread "GC Thread#2" [stack: 0x0000000c21f00000,0x0000000c22000000] [id=4472]
  0x00000170be239ff0 GCTaskThread "GC Thread#3" [stack: 0x0000000c22000000,0x0000000c22100000] [id=11948]
  0x00000170be434080 GCTaskThread "GC Thread#4" [stack: 0x0000000c22100000,0x0000000c22200000] [id=8668]
  0x00000170be434330 GCTaskThread "GC Thread#5" [stack: 0x0000000c22200000,0x0000000c22300000] [id=3988]
  0x00000170bf4659c0 GCTaskThread "GC Thread#6" [stack: 0x0000000c22700000,0x0000000c22800000] [id=4724]
  0x00000170bf3494f0 GCTaskThread "GC Thread#7" [stack: 0x0000000c22800000,0x0000000c22900000] [id=14152]

Threads with active compile tasks:
C2 CompilerThread0     4505 3895   !   4       org.eclipse.osgi.internal.loader.BundleLoader::findClass0 (466 bytes)
C2 CompilerThread1     4505 4095       4       org.eclipse.osgi.internal.loader.BundleLoader::searchHooks (192 bytes)
C2 CompilerThread2     4505 3959       4       org.eclipse.osgi.internal.loader.BundleLoader::addExportedProvidersFor (167 bytes)

VM state: not at safepoint (normal execution)

VM Mutex/Monitor currently owned by a thread: None

Heap address: 0x00000000c0000000, size: 1024 MB, Compressed Oops mode: 32-bit

CDS archive(s) not mapped
Compressed class space mapped at: 0x0000000100000000-0x0000000140000000, reserved size: 1073741824
Narrow klass base: 0x0000000000000000, Narrow klass shift: 3, Narrow klass range: 0x140000000

GC Precious Log:
 CPUs: 8 total, 8 available
 Memory: 7886M
 Large Page Support: Disabled
 NUMA Support: Disabled
 Compressed Oops: Enabled (32-bit)
 Alignments: Space 512K, Generation 512K, Heap 2M
 Heap Min Capacity: 100M
 Heap Initial Capacity: 100M
 Heap Max Capacity: 1G
 Pre-touch: Disabled
 Parallel Workers: 8

Heap:
 PSYoungGen      total 23040K, used 5999K [0x00000000eab00000, 0x00000000ec600000, 0x0000000100000000)
  eden space 22016K, 22% used [0x00000000eab00000,0x00000000eafe28f0,0x00000000ec080000)
  from space 1024K, 97% used [0x00000000ec500000,0x00000000ec5f93d0,0x00000000ec600000)
  to   space 2560K, 0% used [0x00000000ec100000,0x00000000ec100000,0x00000000ec380000)
 ParOldGen       total 68608K, used 13726K [0x00000000c0000000, 0x00000000c4300000, 0x00000000eab00000)
  object space 68608K, 20% used [0x00000000c0000000,0x00000000c0d67bb8,0x00000000c4300000)
 Metaspace       used 43829K, committed 44544K, reserved 1089536K
  class space    used 4722K, committed 5056K, reserved 1048576K

Card table byte_map: [0x00000170a6ed0000,0x00000170a70e0000] _byte_map_base: 0x00000170a68d0000

Marking Bits: (ParMarkBitMap*) 0x00007fffb4f02cc0
 Begin Bits: [0x00000170b91b0000, 0x00000170ba1b0000)
 End Bits:   [0x00000170ba1b0000, 0x00000170bb1b0000)

Polling page: 0x00000170a54a0000

Metaspace:

Usage:
  Non-class:     38.19 MB used.
      Class:      4.61 MB used.
       Both:     42.80 MB used.

Virtual space:
  Non-class space:       40.00 MB reserved,      38.56 MB ( 96%) committed,  5 nodes.
      Class space:        1.00 GB reserved,       4.94 MB ( <1%) committed,  1 nodes.
             Both:        1.04 GB reserved,      43.50 MB (  4%) committed. 

Chunk freelists:
   Non-Class:  1.32 MB
       Class:  3.06 MB
        Both:  4.38 MB

MaxMetaspaceSize: unlimited
CompressedClassSpaceSize: 1.00 GB
Initial GC threshold: 21.00 MB
Current GC threshold: 58.38 MB
CDS: off
MetaspaceReclaimPolicy: balanced
 - commit_granule_bytes: 65536.
 - commit_granule_words: 8192.
 - virtual_space_node_default_size: 1048576.
 - enlarge_chunks_in_place: 1.
 - new_chunks_are_fully_committed: 0.
 - uncommit_free_chunks: 1.
 - use_allocation_guard: 0.
 - handle_deallocations: 1.


Internal statistics:

num_allocs_failed_limit: 6.
num_arena_births: 318.
num_arena_deaths: 14.
num_vsnodes_births: 6.
num_vsnodes_deaths: 0.
num_space_committed: 696.
num_space_uncommitted: 0.
num_chunks_returned_to_freelist: 20.
num_chunks_taken_from_freelist: 1767.
num_chunk_merges: 10.
num_chunk_splits: 1201.
num_chunks_enlarged: 845.
num_purges: 2.
num_inconsistent_stats: 0.

CodeHeap 'non-profiled nmethods': size=120000Kb used=2091Kb max_used=2091Kb free=117908Kb
 bounds [0x00000170b1c80000, 0x00000170b1ef0000, 0x00000170b91b0000]
CodeHeap 'profiled nmethods': size=120000Kb used=8586Kb max_used=8586Kb free=111413Kb
 bounds [0x00000170aa750000, 0x00000170aafc0000, 0x00000170b1c80000]
CodeHeap 'non-nmethods': size=5760Kb used=1277Kb max_used=1332Kb free=4482Kb
 bounds [0x00000170aa1b0000, 0x00000170aa420000, 0x00000170aa750000]
 total_blobs=4729 nmethods=4140 adapters=502
 compilation: enabled
              stopped_count=0, restarted_count=0
 full_count=0

Compilation events (20 events):
Event: 4.456 Thread 0x00000170bce7de40 4118       3       com.google.gson.internal.LinkedTreeMap::<init> (8 bytes)
Event: 4.456 Thread 0x00000170bce7de40 nmethod 4118 0x00000170aaf93810 code [0x00000170aaf939c0, 0x00000170aaf93b08]
Event: 4.456 Thread 0x00000170bce7de40 4119       3       com.google.gson.internal.LinkedTreeMap::<init> (41 bytes)
Event: 4.457 Thread 0x00000170bce7de40 nmethod 4119 0x00000170aaf93b90 code [0x00000170aaf93d40, 0x00000170aaf940f8]
Event: 4.457 Thread 0x00000170bce7de40 4122       3       com.google.gson.internal.bind.MapTypeAdapterFactory$Adapter::read (224 bytes)
Event: 4.458 Thread 0x00000170bce7de40 nmethod 4122 0x00000170aaf94290 code [0x00000170aaf94720, 0x00000170aaf96778]
Event: 4.458 Thread 0x00000170bce7de40 4120       3       com.google.gson.internal.LinkedTreeMap$Node::<init> (20 bytes)
Event: 4.459 Thread 0x00000170bce7de40 nmethod 4120 0x00000170aaf97110 code [0x00000170aaf972a0, 0x00000170aaf97458]
Event: 4.459 Thread 0x00000170bce7de40 4121       3       com.google.gson.stream.JsonReader::beginObject (70 bytes)
Event: 4.459 Thread 0x00000170bce7de40 nmethod 4121 0x00000170aaf97510 code [0x00000170aaf977a0, 0x00000170aaf982e8]
Event: 4.459 Thread 0x00000170bce7de40 4123       3       com.google.gson.stream.JsonReader::endObject (100 bytes)
Event: 4.460 Thread 0x00000170bce7de40 nmethod 4123 0x00000170aaf98690 code [0x00000170aaf98940, 0x00000170aaf995f8]
Event: 4.473 Thread 0x00000170bce7de40 4127   !   3       java.io.BufferedWriter::write (117 bytes)
Event: 4.473 Thread 0x00000170bce7de40 nmethod 4127 0x00000170aaf99a90 code [0x00000170aaf99c80, 0x00000170aaf9a268]
Event: 4.473 Thread 0x00000170bce7de40 4126       3       java.io.Writer::write (11 bytes)
Event: 4.474 Thread 0x00000170bce7de40 nmethod 4126 0x00000170aaf9a610 code [0x00000170aaf9a7c0, 0x00000170aaf9aa88]
Event: 4.474 Thread 0x00000170bce7de40 4128       3       java.io.BufferedWriter::min (9 bytes)
Event: 4.474 Thread 0x00000170bce7de40 nmethod 4128 0x00000170aaf9ac10 code [0x00000170aaf9ada0, 0x00000170aaf9af18]
Event: 4.478 Thread 0x00000170bce7de40 4129       2       java.lang.AbstractStringBuilder::getCoder (15 bytes)
Event: 4.479 Thread 0x00000170bce7de40 nmethod 4129 0x00000170aaf9af90 code [0x00000170aaf9b120, 0x00000170aaf9b238]

GC Heap History (20 events):
Event: 1.778 GC heap before
{Heap before GC invocations=5 (full 1):
 PSYoungGen      total 29696K, used 4082K [0x00000000eab00000, 0x00000000ecc00000, 0x0000000100000000)
  eden space 25600K, 0% used [0x00000000eab00000,0x00000000eab00000,0x00000000ec400000)
  from space 4096K, 99% used [0x00000000ec800000,0x00000000ecbfcb78,0x00000000ecc00000)
  to   space 4096K, 0% used [0x00000000ec400000,0x00000000ec400000,0x00000000ec800000)
 ParOldGen       total 68608K, used 4023K [0x00000000c0000000, 0x00000000c4300000, 0x00000000eab00000)
  object space 68608K, 5% used [0x00000000c0000000,0x00000000c03edd80,0x00000000c4300000)
 Metaspace       used 21079K, committed 21504K, reserved 1073152K
  class space    used 2147K, committed 2304K, reserved 1048576K
}
Event: 1.797 GC heap after
{Heap after GC invocations=5 (full 1):
 PSYoungGen      total 29696K, used 0K [0x00000000eab00000, 0x00000000ecc00000, 0x0000000100000000)
  eden space 25600K, 0% used [0x00000000eab00000,0x00000000eab00000,0x00000000ec400000)
  from space 4096K, 0% used [0x00000000ec800000,0x00000000ec800000,0x00000000ecc00000)
  to   space 4096K, 0% used [0x00000000ec400000,0x00000000ec400000,0x00000000ec800000)
 ParOldGen       total 68608K, used 7907K [0x00000000c0000000, 0x00000000c4300000, 0x00000000eab00000)
  object space 68608K, 11% used [0x00000000c0000000,0x00000000c07b8e28,0x00000000c4300000)
 Metaspace       used 21066K, committed 21504K, reserved 1073152K
  class space    used 2143K, committed 2304K, reserved 1048576K
}
Event: 2.061 GC heap before
{Heap before GC invocations=6 (full 1):
 PSYoungGen      total 29696K, used 25600K [0x00000000eab00000, 0x00000000ecc00000, 0x0000000100000000)
  eden space 25600K, 100% used [0x00000000eab00000,0x00000000ec400000,0x00000000ec400000)
  from space 4096K, 0% used [0x00000000ec800000,0x00000000ec800000,0x00000000ecc00000)
  to   space 4096K, 0% used [0x00000000ec400000,0x00000000ec400000,0x00000000ec800000)
 ParOldGen       total 68608K, used 7907K [0x00000000c0000000, 0x00000000c4300000, 0x00000000eab00000)
  object space 68608K, 11% used [0x00000000c0000000,0x00000000c07b8e28,0x00000000c4300000)
 Metaspace       used 24127K, committed 24704K, reserved 1073152K
  class space    used 2472K, committed 2752K, reserved 1048576K
}
Event: 2.063 GC heap after
{Heap after GC invocations=6 (full 1):
 PSYoungGen      total 28672K, used 3278K [0x00000000eab00000, 0x00000000ecb80000, 0x0000000100000000)
  eden space 25088K, 0% used [0x00000000eab00000,0x00000000eab00000,0x00000000ec380000)
  from space 3584K, 91% used [0x00000000ec400000,0x00000000ec733a48,0x00000000ec780000)
  to   space 4096K, 0% used [0x00000000ec780000,0x00000000ec780000,0x00000000ecb80000)
 ParOldGen       total 68608K, used 7915K [0x00000000c0000000, 0x00000000c4300000, 0x00000000eab00000)
  object space 68608K, 11% used [0x00000000c0000000,0x00000000c07bae28,0x00000000c4300000)
 Metaspace       used 24127K, committed 24704K, reserved 1073152K
  class space    used 2472K, committed 2752K, reserved 1048576K
}
Event: 2.234 GC heap before
{Heap before GC invocations=7 (full 1):
 PSYoungGen      total 28672K, used 28366K [0x00000000eab00000, 0x00000000ecb80000, 0x0000000100000000)
  eden space 25088K, 100% used [0x00000000eab00000,0x00000000ec380000,0x00000000ec380000)
  from space 3584K, 91% used [0x00000000ec400000,0x00000000ec733a48,0x00000000ec780000)
  to   space 4096K, 0% used [0x00000000ec780000,0x00000000ec780000,0x00000000ecb80000)
 ParOldGen       total 68608K, used 7915K [0x00000000c0000000, 0x00000000c4300000, 0x00000000eab00000)
  object space 68608K, 11% used [0x00000000c0000000,0x00000000c07bae28,0x00000000c4300000)
 Metaspace       used 27728K, committed 28288K, reserved 1081344K
  class space    used 2732K, committed 3008K, reserved 1048576K
}
Event: 2.235 GC heap after
{Heap after GC invocations=7 (full 1):
 PSYoungGen      total 26624K, used 1800K [0x00000000eab00000, 0x00000000ec980000, 0x0000000100000000)
  eden space 24576K, 0% used [0x00000000eab00000,0x00000000eab00000,0x00000000ec300000)
  from space 2048K, 87% used [0x00000000ec780000,0x00000000ec942368,0x00000000ec980000)
  to   space 2560K, 0% used [0x00000000ec480000,0x00000000ec480000,0x00000000ec700000)
 ParOldGen       total 68608K, used 7915K [0x00000000c0000000, 0x00000000c4300000, 0x00000000eab00000)
  object space 68608K, 11% used [0x00000000c0000000,0x00000000c07bae28,0x00000000c4300000)
 Metaspace       used 27728K, committed 28288K, reserved 1081344K
  class space    used 2732K, committed 3008K, reserved 1048576K
}
Event: 2.546 GC heap before
{Heap before GC invocations=8 (full 1):
 PSYoungGen      total 26624K, used 26376K [0x00000000eab00000, 0x00000000ec980000, 0x0000000100000000)
  eden space 24576K, 100% used [0x00000000eab00000,0x00000000ec300000,0x00000000ec300000)
  from space 2048K, 87% used [0x00000000ec780000,0x00000000ec942368,0x00000000ec980000)
  to   space 2560K, 0% used [0x00000000ec480000,0x00000000ec480000,0x00000000ec700000)
 ParOldGen       total 68608K, used 7915K [0x00000000c0000000, 0x00000000c4300000, 0x00000000eab00000)
  object space 68608K, 11% used [0x00000000c0000000,0x00000000c07bae28,0x00000000c4300000)
 Metaspace       used 30938K, committed 31552K, reserved 1081344K
  class space    used 3058K, committed 3392K, reserved 1048576K
}
Event: 2.548 GC heap after
{Heap after GC invocations=8 (full 1):
 PSYoungGen      total 26624K, used 2553K [0x00000000eab00000, 0x00000000ec880000, 0x0000000100000000)
  eden space 24064K, 0% used [0x00000000eab00000,0x00000000eab00000,0x00000000ec280000)
  from space 2560K, 99% used [0x00000000ec480000,0x00000000ec6fe400,0x00000000ec700000)
  to   space 1536K, 0% used [0x00000000ec700000,0x00000000ec700000,0x00000000ec880000)
 ParOldGen       total 68608K, used 8203K [0x00000000c0000000, 0x00000000c4300000, 0x00000000eab00000)
  object space 68608K, 11% used [0x00000000c0000000,0x00000000c0802e48,0x00000000c4300000)
 Metaspace       used 30938K, committed 31552K, reserved 1081344K
  class space    used 3058K, committed 3392K, reserved 1048576K
}
Event: 2.919 GC heap before
{Heap before GC invocations=9 (full 1):
 PSYoungGen      total 26624K, used 26617K [0x00000000eab00000, 0x00000000ec880000, 0x0000000100000000)
  eden space 24064K, 100% used [0x00000000eab00000,0x00000000ec280000,0x00000000ec280000)
  from space 2560K, 99% used [0x00000000ec480000,0x00000000ec6fe400,0x00000000ec700000)
  to   space 1536K, 0% used [0x00000000ec700000,0x00000000ec700000,0x00000000ec880000)
 ParOldGen       total 68608K, used 8203K [0x00000000c0000000, 0x00000000c4300000, 0x00000000eab00000)
  object space 68608K, 11% used [0x00000000c0000000,0x00000000c0802e48,0x00000000c4300000)
 Metaspace       used 34872K, committed 35584K, reserved 1081344K
  class space    used 3549K, committed 3904K, reserved 1048576K
}
Event: 2.922 GC heap after
{Heap after GC invocations=9 (full 1):
 PSYoungGen      total 25088K, used 1531K [0x00000000eab00000, 0x00000000eca00000, 0x0000000100000000)
  eden space 23552K, 0% used [0x00000000eab00000,0x00000000eab00000,0x00000000ec200000)
  from space 1536K, 99% used [0x00000000ec700000,0x00000000ec87efd8,0x00000000ec880000)
  to   space 4096K, 0% used [0x00000000ec200000,0x00000000ec200000,0x00000000ec600000)
 ParOldGen       total 68608K, used 10545K [0x00000000c0000000, 0x00000000c4300000, 0x00000000eab00000)
  object space 68608K, 15% used [0x00000000c0000000,0x00000000c0a4c5d8,0x00000000c4300000)
 Metaspace       used 34872K, committed 35584K, reserved 1081344K
  class space    used 3549K, committed 3904K, reserved 1048576K
}
Event: 2.993 GC heap before
{Heap before GC invocations=10 (full 1):
 PSYoungGen      total 25088K, used 4711K [0x00000000eab00000, 0x00000000eca00000, 0x0000000100000000)
  eden space 23552K, 13% used [0x00000000eab00000,0x00000000eae1afd8,0x00000000ec200000)
  from space 1536K, 99% used [0x00000000ec700000,0x00000000ec87efd8,0x00000000ec880000)
  to   space 4096K, 0% used [0x00000000ec200000,0x00000000ec200000,0x00000000ec600000)
 ParOldGen       total 68608K, used 10545K [0x00000000c0000000, 0x00000000c4300000, 0x00000000eab00000)
  object space 68608K, 15% used [0x00000000c0000000,0x00000000c0a4c5d8,0x00000000c4300000)
 Metaspace       used 35197K, committed 35840K, reserved 1081344K
  class space    used 3584K, committed 3904K, reserved 1048576K
}
Event: 2.995 GC heap after
{Heap after GC invocations=10 (full 1):
 PSYoungGen      total 24576K, used 620K [0x00000000eab00000, 0x00000000ec780000, 0x0000000100000000)
  eden space 23552K, 0% used [0x00000000eab00000,0x00000000eab00000,0x00000000ec200000)
  from space 1024K, 60% used [0x00000000ec200000,0x00000000ec29b0c8,0x00000000ec300000)
  to   space 2048K, 0% used [0x00000000ec580000,0x00000000ec580000,0x00000000ec780000)
 ParOldGen       total 68608K, used 11671K [0x00000000c0000000, 0x00000000c4300000, 0x00000000eab00000)
  object space 68608K, 17% used [0x00000000c0000000,0x00000000c0b65e10,0x00000000c4300000)
 Metaspace       used 35197K, committed 35840K, reserved 1081344K
  class space    used 3584K, committed 3904K, reserved 1048576K
}
Event: 2.995 GC heap before
{Heap before GC invocations=11 (full 2):
 PSYoungGen      total 24576K, used 620K [0x00000000eab00000, 0x00000000ec780000, 0x0000000100000000)
  eden space 23552K, 0% used [0x00000000eab00000,0x00000000eab00000,0x00000000ec200000)
  from space 1024K, 60% used [0x00000000ec200000,0x00000000ec29b0c8,0x00000000ec300000)
  to   space 2048K, 0% used [0x00000000ec580000,0x00000000ec580000,0x00000000ec780000)
 ParOldGen       total 68608K, used 11671K [0x00000000c0000000, 0x00000000c4300000, 0x00000000eab00000)
  object space 68608K, 17% used [0x00000000c0000000,0x00000000c0b65e10,0x00000000c4300000)
 Metaspace       used 35197K, committed 35840K, reserved 1081344K
  class space    used 3584K, committed 3904K, reserved 1048576K
}
Event: 3.017 GC heap after
{Heap after GC invocations=11 (full 2):
 PSYoungGen      total 24576K, used 0K [0x00000000eab00000, 0x00000000ec780000, 0x0000000100000000)
  eden space 23552K, 0% used [0x00000000eab00000,0x00000000eab00000,0x00000000ec200000)
  from space 1024K, 0% used [0x00000000ec200000,0x00000000ec200000,0x00000000ec300000)
  to   space 2048K, 0% used [0x00000000ec580000,0x00000000ec580000,0x00000000ec780000)
 ParOldGen       total 68608K, used 11950K [0x00000000c0000000, 0x00000000c4300000, 0x00000000eab00000)
  object space 68608K, 17% used [0x00000000c0000000,0x00000000c0babaa8,0x00000000c4300000)
 Metaspace       used 35197K, committed 35840K, reserved 1081344K
  class space    used 3584K, committed 3904K, reserved 1048576K
}
Event: 3.301 GC heap before
{Heap before GC invocations=12 (full 2):
 PSYoungGen      total 24576K, used 23552K [0x00000000eab00000, 0x00000000ec780000, 0x0000000100000000)
  eden space 23552K, 100% used [0x00000000eab00000,0x00000000ec200000,0x00000000ec200000)
  from space 1024K, 0% used [0x00000000ec200000,0x00000000ec200000,0x00000000ec300000)
  to   space 2048K, 0% used [0x00000000ec580000,0x00000000ec580000,0x00000000ec780000)
 ParOldGen       total 68608K, used 11950K [0x00000000c0000000, 0x00000000c4300000, 0x00000000eab00000)
  object space 68608K, 17% used [0x00000000c0000000,0x00000000c0babaa8,0x00000000c4300000)
 Metaspace       used 37794K, committed 38464K, reserved 1089536K
  class space    used 3951K, committed 4288K, reserved 1048576K
}
Event: 3.303 GC heap after
{Heap after GC invocations=12 (full 2):
 PSYoungGen      total 24064K, used 937K [0x00000000eab00000, 0x00000000ec680000, 0x0000000100000000)
  eden space 23040K, 0% used [0x00000000eab00000,0x00000000eab00000,0x00000000ec180000)
  from space 1024K, 91% used [0x00000000ec580000,0x00000000ec66a4e8,0x00000000ec680000)
  to   space 1536K, 0% used [0x00000000ec380000,0x00000000ec380000,0x00000000ec500000)
 ParOldGen       total 68608K, used 11958K [0x00000000c0000000, 0x00000000c4300000, 0x00000000eab00000)
  object space 68608K, 17% used [0x00000000c0000000,0x00000000c0badaa8,0x00000000c4300000)
 Metaspace       used 37794K, committed 38464K, reserved 1089536K
  class space    used 3951K, committed 4288K, reserved 1048576K
}
Event: 3.692 GC heap before
{Heap before GC invocations=13 (full 2):
 PSYoungGen      total 24064K, used 23977K [0x00000000eab00000, 0x00000000ec680000, 0x0000000100000000)
  eden space 23040K, 100% used [0x00000000eab00000,0x00000000ec180000,0x00000000ec180000)
  from space 1024K, 91% used [0x00000000ec580000,0x00000000ec66a4e8,0x00000000ec680000)
  to   space 1536K, 0% used [0x00000000ec380000,0x00000000ec380000,0x00000000ec500000)
 ParOldGen       total 68608K, used 11958K [0x00000000c0000000, 0x00000000c4300000, 0x00000000eab00000)
  object space 68608K, 17% used [0x00000000c0000000,0x00000000c0badaa8,0x00000000c4300000)
 Metaspace       used 40389K, committed 41088K, reserved 1089536K
  class space    used 4283K, committed 4608K, reserved 1048576K
}
Event: 3.694 GC heap after
{Heap after GC invocations=13 (full 2):
 PSYoungGen      total 24064K, used 864K [0x00000000eab00000, 0x00000000ec600000, 0x0000000100000000)
  eden space 22528K, 0% used [0x00000000eab00000,0x00000000eab00000,0x00000000ec100000)
  from space 1536K, 56% used [0x00000000ec380000,0x00000000ec458000,0x00000000ec500000)
  to   space 1024K, 0% used [0x00000000ec500000,0x00000000ec500000,0x00000000ec600000)
 ParOldGen       total 68608K, used 12647K [0x00000000c0000000, 0x00000000c4300000, 0x00000000eab00000)
  object space 68608K, 18% used [0x00000000c0000000,0x00000000c0c59eb8,0x00000000c4300000)
 Metaspace       used 40389K, committed 41088K, reserved 1089536K
  class space    used 4283K, committed 4608K, reserved 1048576K
}
Event: 4.401 GC heap before
{Heap before GC invocations=14 (full 2):
 PSYoungGen      total 24064K, used 23388K [0x00000000eab00000, 0x00000000ec600000, 0x0000000100000000)
  eden space 22528K, 99% used [0x00000000eab00000,0x00000000ec0ff250,0x00000000ec100000)
  from space 1536K, 56% used [0x00000000ec380000,0x00000000ec458000,0x00000000ec500000)
  to   space 1024K, 0% used [0x00000000ec500000,0x00000000ec500000,0x00000000ec600000)
 ParOldGen       total 68608K, used 12647K [0x00000000c0000000, 0x00000000c4300000, 0x00000000eab00000)
  object space 68608K, 18% used [0x00000000c0000000,0x00000000c0c59eb8,0x00000000c4300000)
 Metaspace       used 43203K, committed 43968K, reserved 1089536K
  class space    used 4642K, committed 4992K, reserved 1048576K
}
Event: 4.403 GC heap after
{Heap after GC invocations=14 (full 2):
 PSYoungGen      total 23040K, used 996K [0x00000000eab00000, 0x00000000ec600000, 0x0000000100000000)
  eden space 22016K, 0% used [0x00000000eab00000,0x00000000eab00000,0x00000000ec080000)
  from space 1024K, 97% used [0x00000000ec500000,0x00000000ec5f93d0,0x00000000ec600000)
  to   space 2560K, 0% used [0x00000000ec100000,0x00000000ec100000,0x00000000ec380000)
 ParOldGen       total 68608K, used 13726K [0x00000000c0000000, 0x00000000c4300000, 0x00000000eab00000)
  object space 68608K, 20% used [0x00000000c0000000,0x00000000c0d67bb8,0x00000000c4300000)
 Metaspace       used 43203K, committed 43968K, reserved 1089536K
  class space    used 4642K, committed 4992K, reserved 1048576K
}

Deoptimization events (20 events):
Event: 4.304 Thread 0x00000170bd00b840 DEOPT PACKING pc=0x00000170b1e7c4c4 sp=0x0000000c22aff390
Event: 4.304 Thread 0x00000170bd009b60 DEOPT PACKING pc=0x00000170b1e7c4c4 sp=0x0000000c22bff0c0
Event: 4.304 Thread 0x00000170bd00b840 DEOPT UNPACKING pc=0x00000170aa205923 sp=0x0000000c22aff338 mode 2
Event: 4.304 Thread 0x00000170bd009b60 DEOPT UNPACKING pc=0x00000170aa205923 sp=0x0000000c22bff068 mode 2
Event: 4.315 Thread 0x00000170bd00b840 Uncommon trap: trap_request=0xffffffc6 fr.pc=0x00000170b1e7c4c4 relative=0x0000000000000204
Event: 4.317 Thread 0x00000170bd00b840 Uncommon trap: reason=bimorphic_or_optimized_type_check action=maybe_recompile pc=0x00000170b1e7c4c4 method=java.lang.ThreadLocal.set(Ljava/lang/Object;)V @ 6 c2
Event: 4.318 Thread 0x00000170bd00b840 DEOPT PACKING pc=0x00000170b1e7c4c4 sp=0x0000000c22afeff0
Event: 4.318 Thread 0x00000170bd00b840 DEOPT UNPACKING pc=0x00000170aa205923 sp=0x0000000c22afef98 mode 2
Event: 4.327 Thread 0x00000170bd00b840 Uncommon trap: trap_request=0xffffffc6 fr.pc=0x00000170b1e7c4c4 relative=0x0000000000000204
Event: 4.327 Thread 0x00000170bd00b840 Uncommon trap: reason=bimorphic_or_optimized_type_check action=maybe_recompile pc=0x00000170b1e7c4c4 method=java.lang.ThreadLocal.set(Ljava/lang/Object;)V @ 6 c2
Event: 4.327 Thread 0x00000170bd00b840 DEOPT PACKING pc=0x00000170b1e7c4c4 sp=0x0000000c22afeff0
Event: 4.328 Thread 0x00000170bd00b840 DEOPT UNPACKING pc=0x00000170aa205923 sp=0x0000000c22afef98 mode 2
Event: 4.356 Thread 0x00000170c1c8d3a0 Uncommon trap: trap_request=0xffffff45 fr.pc=0x00000170b1ca4980 relative=0x00000000000002e0
Event: 4.361 Thread 0x00000170c1c8d3a0 Uncommon trap: reason=unstable_if action=reinterpret pc=0x00000170b1ca4980 method=java.util.HashMap$HashIterator.<init>(Ljava/util/HashMap;)V @ 45 c2
Event: 4.362 Thread 0x00000170c1c8d3a0 DEOPT PACKING pc=0x00000170b1ca4980 sp=0x0000000c230fdf10
Event: 4.362 Thread 0x00000170c1c8d3a0 DEOPT UNPACKING pc=0x00000170aa205923 sp=0x0000000c230fddd8 mode 2
Event: 4.472 Thread 0x00000170c1c8d3a0 Uncommon trap: trap_request=0xffffff45 fr.pc=0x00000170b1ca0bac relative=0x000000000000028c
Event: 4.472 Thread 0x00000170c1c8d3a0 Uncommon trap: reason=unstable_if action=reinterpret pc=0x00000170b1ca0bac method=java.util.HashMap$HashIterator.<init>(Ljava/util/HashMap;)V @ 45 c2
Event: 4.472 Thread 0x00000170c1c8d3a0 DEOPT PACKING pc=0x00000170b1ca0bac sp=0x0000000c230fde50
Event: 4.472 Thread 0x00000170c1c8d3a0 DEOPT UNPACKING pc=0x00000170aa205923 sp=0x0000000c230fdde8 mode 2

Classes unloaded (7 events):
Event: 1.782 Thread 0x00000170bce30c20 Unloading class 0x0000000100216800 'java/lang/invoke/LambdaForm$MH+0x0000000100216800'
Event: 1.782 Thread 0x00000170bce30c20 Unloading class 0x0000000100216400 'java/lang/invoke/LambdaForm$MH+0x0000000100216400'
Event: 1.782 Thread 0x00000170bce30c20 Unloading class 0x0000000100216000 'java/lang/invoke/LambdaForm$MH+0x0000000100216000'
Event: 1.782 Thread 0x00000170bce30c20 Unloading class 0x0000000100215c00 'java/lang/invoke/LambdaForm$MH+0x0000000100215c00'
Event: 1.782 Thread 0x00000170bce30c20 Unloading class 0x0000000100215400 'java/lang/invoke/LambdaForm$BMH+0x0000000100215400'
Event: 1.782 Thread 0x00000170bce30c20 Unloading class 0x0000000100215000 'java/lang/invoke/LambdaForm$DMH+0x0000000100215000'
Event: 1.782 Thread 0x00000170bce30c20 Unloading class 0x0000000100212400 'java/lang/invoke/LambdaForm$DMH+0x0000000100212400'

Classes redefined (0 events):
No events

Internal exceptions (20 events):
Event: 1.893 Thread 0x00000170bd00aea0 Exception <a 'java/io/FileNotFoundException'{0x00000000eb444dd0}> (0x00000000eb444dd0) 
thrown [s\src\hotspot\share\prims\jni.cpp, line 516]
Event: 1.943 Thread 0x00000170bd00aea0 Exception <a 'java/lang/NoSuchMethodError'{0x00000000eb904c08}: 'void java.lang.invoke.DirectMethodHandle$Holder.invokeSpecial(java.lang.Object, java.lang.Object, java.lang.Object, int)'> (0x00000000eb904c08) 
thrown [s\src\hotspot\share\interpreter\linkResolver.cpp, line 759]
Event: 1.993 Thread 0x00000170bd00b840 Exception <a 'java/io/FileNotFoundException'{0x00000000ebc4f9f8}> (0x00000000ebc4f9f8) 
thrown [s\src\hotspot\share\prims\jni.cpp, line 516]
Event: 2.332 Thread 0x00000170bd00aea0 Exception <a 'java/lang/ClassNotFoundException'{0x00000000eb8cbf68}: com/sun/org/apache/xerces/internal/impl/msg/spi/DOMMessagesProvider> (0x00000000eb8cbf68) 
thrown [s\src\hotspot\share\classfile\systemDictionary.cpp, line 256]
Event: 2.335 Thread 0x00000170bd00aea0 Exception <a 'java/lang/ClassNotFoundException'{0x00000000eb8e7c48}: com/sun/org/apache/xerces/internal/impl/msg/spi/XMLSerializerMessagesProvider> (0x00000000eb8e7c48) 
thrown [s\src\hotspot\share\classfile\systemDictionary.cpp, line 256]
Event: 2.336 Thread 0x00000170bd00aea0 Exception <a 'java/lang/ClassNotFoundException'{0x00000000eb8f4f20}: com/sun/org/apache/xerces/internal/impl/msg/spi/XMLMessagesProvider> (0x00000000eb8f4f20) 
thrown [s\src\hotspot\share\classfile\systemDictionary.cpp, line 256]
Event: 2.384 Thread 0x00000170bd00aea0 Exception <a 'java/lang/NoSuchMethodError'{0x00000000ebbdf288}: 'java.lang.Object java.lang.invoke.DirectMethodHandle$Holder.invokeStaticInit(java.lang.Object, int, int, int, int)'> (0x00000000ebbdf288) 
thrown [s\src\hotspot\share\interpreter\linkResolver.cpp, line 759]
Event: 2.421 Thread 0x00000170bd00aea0 Exception <a 'java/lang/NoSuchMethodError'{0x00000000ebcb0ec0}: 'java.lang.Object java.lang.invoke.DirectMethodHandle$Holder.invokeStaticInit(java.lang.Object, java.lang.Object, int, int, int, int)'> (0x00000000ebcb0ec0) 
thrown [s\src\hotspot\share\interpreter\linkResolver.cpp, line 759]
Event: 2.472 Thread 0x00000170bd00aea0 Exception <a 'java/lang/ClassNotFoundException'{0x00000000ebf89548}: com/sun/org/apache/xml/internal/serializer/spi/XMLEntitiesProvider> (0x00000000ebf89548) 
thrown [s\src\hotspot\share\classfile\systemDictionary.cpp, line 256]
Event: 2.549 Thread 0x00000170bd00aea0 Exception <a 'java/io/FileNotFoundException'{0x00000000ec68db80}> (0x00000000ec68db80) 
thrown [s\src\hotspot\share\prims\jni.cpp, line 516]
Event: 2.606 Thread 0x00000170bd00aea0 Exception <a 'java/lang/UnsatisfiedLinkError'{0x00000000eae52e08}: The specified procedure could not be found.
> (0x00000000eae52e08) 
thrown [s\src\hotspot\share\prims\jni.cpp, line 535]
Event: 2.609 Thread 0x00000170bd00aea0 Exception <a 'java/io/FileNotFoundException'{0x00000000eae75cb0}> (0x00000000eae75cb0) 
thrown [s\src\hotspot\share\prims\jni.cpp, line 516]
Event: 2.614 Thread 0x00000170bd00aea0 Exception <a 'java/io/FileNotFoundException'{0x00000000eaee5140}> (0x00000000eaee5140) 
thrown [s\src\hotspot\share\prims\jni.cpp, line 516]
Event: 2.621 Thread 0x00000170bd00aea0 Exception <a 'java/lang/UnsatisfiedLinkError'{0x00000000eaf70430}: The specified procedure could not be found.
> (0x00000000eaf70430) 
thrown [s\src\hotspot\share\prims\jni.cpp, line 535]
Event: 2.700 Thread 0x00000170a751e9f0 Exception <a 'java/lang/NoSuchMethodError'{0x00000000eb4e5b48}: 'void java.lang.invoke.DirectMethodHandle$Holder.invokeStatic(java.lang.Object, java.lang.Object, java.lang.Object, java.lang.Object)'> (0x00000000eb4e5b48) 
thrown [s\src\hotspot\share\interpreter\linkResolver.cpp, line 759]
Event: 2.818 Thread 0x00000170a751e9f0 Exception <a 'java/lang/NoSuchMethodError'{0x00000000ebd87c48}: 'void java.lang.invoke.DirectMethodHandle$Holder.invokeSpecial(java.lang.Object, java.lang.Object, java.lang.Object, java.lang.Object, java.lang.Object, java.lang.Object)'> (0x00000000ebd87c48) 
thrown [s\src\hotspot\share\interpreter\linkResolver.cpp, line 759]
Event: 2.820 Thread 0x00000170a751e9f0 Exception <a 'java/lang/NoSuchMethodError'{0x00000000ebd8f300}: 'java.lang.Object java.lang.invoke.DirectMethodHandle$Holder.newInvokeSpecial(java.lang.Object, java.lang.Object, java.lang.Object, java.lang.Object, java.lang.Object)'> (0x00000000ebd8f300) 
thrown [s\src\hotspot\share\interpreter\linkResolver.cpp, line 759]
Event: 2.909 Thread 0x00000170c1c8d3a0 Exception <a 'java/io/FileNotFoundException'{0x00000000ec243188}> (0x00000000ec243188) 
thrown [s\src\hotspot\share\prims\jni.cpp, line 516]
Event: 3.210 Thread 0x00000170bd009b60 Exception <a 'java/lang/NoClassDefFoundError'{0x00000000eba25070}: javax/enterprise/inject/Typed> (0x00000000eba25070) 
thrown [s\src\hotspot\share\classfile\systemDictionary.cpp, line 245]
Event: 4.054 Thread 0x00000170bd009b60 Exception <a 'java/lang/NoClassDefFoundError'{0x00000000eb81fce8}: com/google/inject/servlet/ServletModuleTargetVisitor> (0x00000000eb81fce8) 
thrown [s\src\hotspot\share\classfile\systemDictionary.cpp, line 245]

VM Operations (20 events):
Event: 3.194 Executing VM operation: HandshakeAllThreads
Event: 3.194 Executing VM operation: HandshakeAllThreads done
Event: 3.301 Executing VM operation: ParallelGCFailedAllocation
Event: 3.303 Executing VM operation: ParallelGCFailedAllocation done
Event: 3.500 Executing VM operation: HandshakeAllThreads
Event: 3.500 Executing VM operation: HandshakeAllThreads done
Event: 3.542 Executing VM operation: HandshakeAllThreads
Event: 3.542 Executing VM operation: HandshakeAllThreads done
Event: 3.692 Executing VM operation: ParallelGCFailedAllocation
Event: 3.694 Executing VM operation: ParallelGCFailedAllocation done
Event: 3.895 Executing VM operation: HandshakeAllThreads
Event: 3.895 Executing VM operation: HandshakeAllThreads done
Event: 3.900 Executing VM operation: HandshakeAllThreads
Event: 3.900 Executing VM operation: HandshakeAllThreads done
Event: 4.096 Executing VM operation: HandshakeAllThreads
Event: 4.096 Executing VM operation: HandshakeAllThreads done
Event: 4.187 Executing VM operation: ICBufferFull
Event: 4.187 Executing VM operation: ICBufferFull done
Event: 4.401 Executing VM operation: ParallelGCFailedAllocation
Event: 4.403 Executing VM operation: ParallelGCFailedAllocation done

Events (20 events):
Event: 4.476 loading class java/lang/invoke/VarHandleInts$FieldStaticReadWrite
Event: 4.476 loading class java/lang/invoke/VarHandleInts$FieldStaticReadOnly
Event: 4.477 loading class java/lang/invoke/VarHandleInts$FieldStaticReadOnly done
Event: 4.477 loading class java/lang/invoke/VarHandleInts$FieldStaticReadWrite done
Event: 4.477 loading class java/util/concurrent/ForkJoinPool$DefaultForkJoinWorkerThreadFactory
Event: 4.477 loading class java/util/concurrent/ForkJoinPool$ForkJoinWorkerThreadFactory
Event: 4.477 loading class java/util/concurrent/ForkJoinPool$ForkJoinWorkerThreadFactory done
Event: 4.477 loading class java/util/concurrent/ForkJoinPool$DefaultForkJoinWorkerThreadFactory done
Event: 4.477 loading class java/util/concurrent/ForkJoinPool$1
Event: 4.478 loading class java/util/concurrent/ForkJoinPool$1 done
Event: 4.478 loading class java/util/concurrent/ForkJoinPool$DefaultCommonPoolForkJoinWorkerThreadFactory
Event: 4.478 loading class java/util/concurrent/ForkJoinPool$DefaultCommonPoolForkJoinWorkerThreadFactory done
Event: 4.478 loading class java/util/concurrent/ForkJoinPool$WorkQueue
Event: 4.479 loading class java/util/concurrent/ForkJoinPool$WorkQueue done
Event: 4.479 loading class java/util/concurrent/CompletableFuture$Completion
Event: 4.479 loading class java/util/concurrent/CompletableFuture$AsynchronousCompletionTask
Event: 4.479 loading class java/util/concurrent/CompletableFuture$AsynchronousCompletionTask done
Event: 4.479 loading class java/util/concurrent/ForkJoinTask
Event: 4.481 loading class java/util/concurrent/ForkJoinTask done
Event: 4.481 loading class java/util/concurrent/CompletableFuture$Completion done


Dynamic libraries:
0x00007ff752220000 - 0x00007ff75222e000 	c:\Users\gtkri\.vscode\extensions\redhat.java-1.12.0-win32-x64\jre\17.0.4.1-win32-x86_64\bin\java.exe
0x00007ff84a170000 - 0x00007ff84a384000 	C:\WINDOWS\SYSTEM32\ntdll.dll
0x00007ff849fd0000 - 0x00007ff84a092000 	C:\WINDOWS\System32\KERNEL32.DLL
0x00007ff8475a0000 - 0x00007ff84793d000 	C:\WINDOWS\System32\KERNELBASE.dll
0x00007ff847bd0000 - 0x00007ff847ce1000 	C:\WINDOWS\System32\ucrtbase.dll
0x00007fffb7750000 - 0x00007fffb7768000 	c:\Users\gtkri\.vscode\extensions\redhat.java-1.12.0-win32-x64\jre\17.0.4.1-win32-x86_64\bin\jli.dll
0x00007ff8492b0000 - 0x00007ff84945a000 	C:\WINDOWS\System32\USER32.dll
0x00007ff847ba0000 - 0x00007ff847bc6000 	C:\WINDOWS\System32\win32u.dll
0x00007ff847f70000 - 0x00007ff847f99000 	C:\WINDOWS\System32\GDI32.dll
0x00007ff847cf0000 - 0x00007ff847e02000 	C:\WINDOWS\System32\gdi32full.dll
0x00007ff847e10000 - 0x00007ff847eaa000 	C:\WINDOWS\System32\msvcp_win.dll
0x00007fffb7730000 - 0x00007fffb7749000 	c:\Users\gtkri\.vscode\extensions\redhat.java-1.12.0-win32-x64\jre\17.0.4.1-win32-x86_64\bin\VCRUNTIME140.dll
0x00007ff830510000 - 0x00007ff83079e000 	C:\WINDOWS\WinSxS\amd64_microsoft.windows.common-controls_6595b64144ccf1df_6.0.22621.608_none_a9444ca7c10bb01d\COMCTL32.dll
0x00007ff849580000 - 0x00007ff849627000 	C:\WINDOWS\System32\msvcrt.dll
0x00007ff849460000 - 0x00007ff849492000 	C:\WINDOWS\System32\IMM32.DLL
0x00007ff800000000 - 0x00007ff80000c000 	c:\Users\gtkri\.vscode\extensions\redhat.java-1.12.0-win32-x64\jre\17.0.4.1-win32-x86_64\bin\vcruntime140_1.dll
0x00007fffb4fd0000 - 0x00007fffb5061000 	c:\Users\gtkri\.vscode\extensions\redhat.java-1.12.0-win32-x64\jre\17.0.4.1-win32-x86_64\bin\msvcp140.dll
0x00007fffb4380000 - 0x00007fffb4fc6000 	c:\Users\gtkri\.vscode\extensions\redhat.java-1.12.0-win32-x64\jre\17.0.4.1-win32-x86_64\bin\server\jvm.dll
0x00007ff848d40000 - 0x00007ff848dee000 	C:\WINDOWS\System32\ADVAPI32.dll
0x00007ff848e70000 - 0x00007ff848f14000 	C:\WINDOWS\System32\sechost.dll
0x00007ff8484c0000 - 0x00007ff8485d5000 	C:\WINDOWS\System32\RPCRT4.dll
0x00007ff849fb0000 - 0x00007ff849fb8000 	C:\WINDOWS\System32\PSAPI.DLL
0x00007ff80b4f0000 - 0x00007ff80b4f9000 	C:\WINDOWS\SYSTEM32\WSOCK32.dll
0x00007ff848df0000 - 0x00007ff848e61000 	C:\WINDOWS\System32\WS2_32.dll
0x00007ff83c2f0000 - 0x00007ff83c324000 	C:\WINDOWS\SYSTEM32\WINMM.dll
0x00007ff83de60000 - 0x00007ff83de6a000 	C:\WINDOWS\SYSTEM32\VERSION.dll
0x00007ff846680000 - 0x00007ff846698000 	C:\WINDOWS\SYSTEM32\kernel.appcore.dll
0x00007ffffc0c0000 - 0x00007ffffc0ca000 	c:\Users\gtkri\.vscode\extensions\redhat.java-1.12.0-win32-x64\jre\17.0.4.1-win32-x86_64\bin\jimage.dll
0x00007ff844f60000 - 0x00007ff84518e000 	C:\WINDOWS\SYSTEM32\DBGHELP.DLL
0x00007ff848010000 - 0x00007ff84839a000 	C:\WINDOWS\System32\combase.dll
0x00007ff8494a0000 - 0x00007ff849577000 	C:\WINDOWS\System32\OLEAUT32.dll
0x00007ff827aa0000 - 0x00007ff827ad2000 	C:\WINDOWS\SYSTEM32\dbgcore.DLL
0x00007ff847940000 - 0x00007ff8479bb000 	C:\WINDOWS\System32\bcryptPrimitives.dll
0x00007ffff7560000 - 0x00007ffff756e000 	c:\Users\gtkri\.vscode\extensions\redhat.java-1.12.0-win32-x64\jre\17.0.4.1-win32-x86_64\bin\instrument.dll
0x00007fffb7700000 - 0x00007fffb7725000 	c:\Users\gtkri\.vscode\extensions\redhat.java-1.12.0-win32-x64\jre\17.0.4.1-win32-x86_64\bin\java.dll
0x00007fffb76e0000 - 0x00007fffb76f8000 	c:\Users\gtkri\.vscode\extensions\redhat.java-1.12.0-win32-x64\jre\17.0.4.1-win32-x86_64\bin\zip.dll
0x00007ff8497d0000 - 0x00007ff849fb0000 	C:\WINDOWS\System32\SHELL32.dll
0x00007ff845590000 - 0x00007ff845e55000 	C:\WINDOWS\SYSTEM32\windows.storage.dll
0x00007ff845450000 - 0x00007ff84558e000 	C:\WINDOWS\SYSTEM32\wintypes.dll
0x00007ff849160000 - 0x00007ff849251000 	C:\WINDOWS\System32\SHCORE.dll
0x00007ff848ca0000 - 0x00007ff848cfe000 	C:\WINDOWS\System32\shlwapi.dll
0x00007ff8474d0000 - 0x00007ff8474f1000 	C:\WINDOWS\SYSTEM32\profapi.dll
0x00007fffb4360000 - 0x00007fffb4379000 	C:\Users\gtkri\.vscode\extensions\redhat.java-1.12.0-win32-x64\jre\17.0.4.1-win32-x86_64\bin\net.dll
0x00007ff841bf0000 - 0x00007ff841d1f000 	C:\WINDOWS\SYSTEM32\WINHTTP.dll
0x00007ff846b60000 - 0x00007ff846bc9000 	C:\WINDOWS\system32\mswsock.dll
0x00007fffb4340000 - 0x00007fffb4355000 	C:\Users\gtkri\.vscode\extensions\redhat.java-1.12.0-win32-x64\jre\17.0.4.1-win32-x86_64\bin\nio.dll
0x00007ffff6d80000 - 0x00007ffff6d90000 	c:\Users\gtkri\.vscode\extensions\redhat.java-1.12.0-win32-x64\jre\17.0.4.1-win32-x86_64\bin\verify.dll
0x00007ff809ff0000 - 0x00007ff80a02e000 	C:\Users\gtkri\AppData\Roaming\Code\User\globalStorage\redhat.java\1.12.0\config_win\org.eclipse.equinox.launcher\org.eclipse.equinox.launcher.win32.win32.x86_64_1.2.600.v20220720-1916\eclipse_11700.dll
0x00007ff849630000 - 0x00007ff8497cc000 	C:\WINDOWS\System32\ole32.dll
0x00007ff846da0000 - 0x00007ff846dbb000 	C:\WINDOWS\SYSTEM32\CRYPTSP.dll
0x00007ff8465c0000 - 0x00007ff8465f5000 	C:\WINDOWS\system32\rsaenh.dll
0x00007ff846c50000 - 0x00007ff846c78000 	C:\WINDOWS\SYSTEM32\USERENV.dll
0x00007ff846f60000 - 0x00007ff846f88000 	C:\WINDOWS\SYSTEM32\bcrypt.dll
0x00007ff846dc0000 - 0x00007ff846dcc000 	C:\WINDOWS\SYSTEM32\CRYPTBASE.dll
0x00007ff8460b0000 - 0x00007ff8460dd000 	C:\WINDOWS\SYSTEM32\IPHLPAPI.DLL
0x00007ff848d10000 - 0x00007ff848d19000 	C:\WINDOWS\System32\NSI.dll
0x00007ff83de70000 - 0x00007ff83de89000 	C:\WINDOWS\SYSTEM32\dhcpcsvc6.DLL
0x00007ff83ca50000 - 0x00007ff83ca6f000 	C:\WINDOWS\SYSTEM32\dhcpcsvc.DLL
0x00007ff846120000 - 0x00007ff846212000 	C:\WINDOWS\SYSTEM32\DNSAPI.dll
0x00007ff8423e0000 - 0x00007ff842420000 	C:\Users\gtkri\AppData\Local\Temp\jna-98684885\jna16699571780483422225.dll

dbghelp: loaded successfully - version: 4.0.5 - missing functions: none
symbol engine: initialized successfully - sym options: 0x614 - pdb path: .;c:\Users\gtkri\.vscode\extensions\redhat.java-1.12.0-win32-x64\jre\17.0.4.1-win32-x86_64\bin;C:\WINDOWS\SYSTEM32;C:\WINDOWS\WinSxS\amd64_microsoft.windows.common-controls_6595b64144ccf1df_6.0.22621.608_none_a9444ca7c10bb01d;c:\Users\gtkri\.vscode\extensions\redhat.java-1.12.0-win32-x64\jre\17.0.4.1-win32-x86_64\bin\server;C:\Users\gtkri\AppData\Roaming\Code\User\globalStorage\redhat.java\1.12.0\config_win\org.eclipse.equinox.launcher\org.eclipse.equinox.launcher.win32.win32.x86_64_1.2.600.v20220720-1916;C:\Users\gtkri\AppData\Local\Temp\jna-98684885

VM Arguments:
jvm_args: --add-modules=ALL-SYSTEM --add-opens=java.base/java.util=ALL-UNNAMED --add-opens=java.base/java.lang=ALL-UNNAMED --add-opens=java.base/sun.nio.fs=ALL-UNNAMED -Declipse.application=org.eclipse.jdt.ls.core.id1 -Dosgi.bundles.defaultStartLevel=4 -Declipse.product=org.eclipse.jdt.ls.core.product -Djava.import.generatesMetadataFilesAtProjectRoot=false -Dfile.encoding=utf8 -XX:+UseParallelGC -XX:GCTimeRatio=4 -XX:AdaptiveSizePolicyWeight=90 -Dsun.zip.disableMemoryMapping=true -Xmx1G -Xms100m -Xlog:disable -javaagent:c:\Users\gtkri\.vscode\extensions\redhat.java-1.12.0-win32-x64\lombok\lombok-1.18.24.jar -XX:+HeapDumpOnOutOfMemoryError -XX:HeapDumpPath=c:\Users\gtkri\AppData\Roaming\Code\User\workspaceStorage\c26d9e5ee8cb6cb9761d291b0f992107\redhat.java 
java_command: c:\Users\gtkri\.vscode\extensions\redhat.java-1.12.0-win32-x64\server\plugins\org.eclipse.equinox.launcher_1.6.400.v20210924-0641.jar -configuration c:\Users\gtkri\AppData\Roaming\Code\User\globalStorage\redhat.java\1.12.0\config_win -data c:\Users\gtkri\AppData\Roaming\Code\User\workspaceStorage\c26d9e5ee8cb6cb9761d291b0f992107\redhat.java\jdt_ws
java_class_path (initial): c:\Users\gtkri\.vscode\extensions\redhat.java-1.12.0-win32-x64\server\plugins\org.eclipse.equinox.launcher_1.6.400.v20210924-0641.jar
Launcher Type: SUN_STANDARD

[Global flags]
    uintx AdaptiveSizePolicyWeight                 = 90                                        {product} {command line}
     intx CICompilerCount                          = 4                                         {product} {ergonomic}
    uintx GCTimeRatio                              = 4                                         {product} {command line}
     bool HeapDumpOnOutOfMemoryError               = true                                   {manageable} {command line}
    ccstr HeapDumpPath                             = c:\Users\gtkri\AppData\Roaming\Code\User\workspaceStorage\c26d9e5ee8cb6cb9761d291b0f992107\redhat.java         {manageable} {command line}
   size_t InitialHeapSize                          = 104857600                                 {product} {command line}
   size_t MaxHeapSize                              = 1073741824                                {product} {command line}
   size_t MaxNewSize                               = 357564416                                 {product} {ergonomic}
   size_t MinHeapDeltaBytes                        = 524288                                    {product} {ergonomic}
   size_t MinHeapSize                              = 104857600                                 {product} {command line}
   size_t NewSize                                  = 34603008                                  {product} {ergonomic}
    uintx NonNMethodCodeHeapSize                   = 5839372                                {pd product} {ergonomic}
    uintx NonProfiledCodeHeapSize                  = 122909434                              {pd product} {ergonomic}
   size_t OldSize                                  = 70254592                                  {product} {ergonomic}
    uintx ProfiledCodeHeapSize                     = 122909434                              {pd product} {ergonomic}
    uintx ReservedCodeCacheSize                    = 251658240                              {pd product} {ergonomic}
     bool SegmentedCodeCache                       = true                                      {product} {ergonomic}
   size_t SoftMaxHeapSize                          = 1073741824                             {manageable} {ergonomic}
     bool UseCompressedClassPointers               = true                           {product lp64_product} {ergonomic}
     bool UseCompressedOops                        = true                           {product lp64_product} {ergonomic}
     bool UseLargePagesIndividualAllocation        = false                                  {pd product} {ergonomic}
     bool UseParallelGC                            = true                                      {product} {command line}

Logging:
Log output configuration:
 #0: stdout all=off uptime,level,tags
 #1: stderr all=off uptime,level,tags

Environment Variables:
PATH=C:\Program Files\Common Files\Oracle\Java\javapath;C:\WINDOWS\system32;C:\WINDOWS;C:\WINDOWS\System32\Wbem;C:\WINDOWS\System32\WindowsPowerShell\v1.0\;C:\WINDOWS\System32\OpenSSH\;C:\Program Files\nodejs\;C:\Users\gtkri\AppData\Local\Microsoft\WindowsApps;;C:\Users\gtkri\AppData\Local\Programs\Microsoft VS Code\bin;C:\Users\gtkri\AppData\Roaming\npm
USERNAME=gtkri
OS=Windows_NT
PROCESSOR_IDENTIFIER=Intel64 Family 6 Model 140 Stepping 1, GenuineIntel
TMP=C:\Users\gtkri\AppData\Local\Temp
TEMP=C:\Users\gtkri\AppData\Local\Temp



---------------  S Y S T E M  ---------------

OS:
 Windows 11 , 64 bit Build 22621 (10.0.22621.755)
OS uptime: 0 days 0:45 hours
Hyper-V role detected

CPU: total 8 (initial active 8) (4 cores per cpu, 2 threads per core) family 6 model 140 stepping 1 microcode 0x86, cx8, cmov, fxsr, ht, mmx, 3dnowpref, sse, sse2, sse3, ssse3, sse4.1, sse4.2, popcnt, lzcnt, tsc, tscinvbit, avx, avx2, aes, erms, clmul, bmi1, bmi2, adx, avx512f, avx512dq, avx512cd, avx512bw, avx512vl, sha, fma, vzeroupper, avx512_vpopcntdq, avx512_vpclmulqdq, avx512_vaes, avx512_vnni, clflush, clflushopt, clwb, avx512_vbmi2, avx512_vbmi, hv

Memory: 4k page, system-wide physical 7886M (1181M free)
TotalPageFile size 7886M (AvailPageFile size 5M)
current process WorkingSet (physical memory assigned to process): 195M, peak: 198M
current process commit charge ("private bytes"): 294M, peak: 297M

vm_info: OpenJDK 64-Bit Server VM (17.0.4.1+1) for windows-amd64 JRE (17.0.4.1+1), built on Aug 17 2022 07:42:43 by "temurin" with MS VC++ 16.7 (VS2019)

END.
