#
# There is insufficient memory for the Java Runtime Environment to continue.
# Native memory allocation (malloc) failed to allocate 971376 bytes for Chunk::new
# Possible reasons:
#   The system is out of physical RAM or swap space
#   The process is running with CompressedOops enabled, and the Java Heap may be blocking the growth of the native heap
# Possible solutions:
#   Reduce memory load on the system
#   Increase physical memory or swap space
#   Check if swap backing store is full
#   Decrease Java heap size (-Xmx/-Xms)
#   Decrease number of Java threads
#   Decrease Java thread stack sizes (-Xss)
#   Set larger code cache with -XX:ReservedCodeCacheSize=
#   JVM is running with Unscaled Compressed Oops mode in which the Java heap is
#     placed in the first 4GB address space. The Java Heap base address is the
#     maximum limit for the native heap growth. Please use -XX:HeapBaseMinAddress
#     to set the Java Heap base and to place the Java Heap above 4GB virtual address.
# This output file may be truncated or incomplete.
#
#  Out of Memory Error (arena.cpp:189), pid=10108, tid=7068
#
# JRE version: OpenJDK Runtime Environment Temurin-17.0.4.1+1 (17.0.4.1+1) (build 17.0.4.1+1)
# Java VM: OpenJDK 64-Bit Server VM Temurin-17.0.4.1+1 (17.0.4.1+1, mixed mode, tiered, compressed oops, compressed class ptrs, parallel gc, windows-amd64)
# No core dump will be written. Minidumps are not enabled by default on client versions of Windows
#

---------------  S U M M A R Y ------------

Command Line: --add-modules=ALL-SYSTEM --add-opens=java.base/java.util=ALL-UNNAMED --add-opens=java.base/java.lang=ALL-UNNAMED --add-opens=java.base/sun.nio.fs=ALL-UNNAMED -Declipse.application=org.eclipse.jdt.ls.core.id1 -Dosgi.bundles.defaultStartLevel=4 -Declipse.product=org.eclipse.jdt.ls.core.product -Djava.import.generatesMetadataFilesAtProjectRoot=false -Dfile.encoding=utf8 -XX:+UseParallelGC -XX:GCTimeRatio=4 -XX:AdaptiveSizePolicyWeight=90 -Dsun.zip.disableMemoryMapping=true -Xmx1G -Xms100m -Xlog:disable -javaagent:c:\Users\gtkri\.vscode\extensions\redhat.java-1.12.0-win32-x64\lombok\lombok-1.18.24.jar -XX:+HeapDumpOnOutOfMemoryError -XX:HeapDumpPath=c:\Users\gtkri\AppData\Roaming\Code\User\workspaceStorage\c26d9e5ee8cb6cb9761d291b0f992107\redhat.java c:\Users\gtkri\.vscode\extensions\redhat.java-1.12.0-win32-x64\server\plugins\org.eclipse.equinox.launcher_1.6.400.v20210924-0641.jar -configuration c:\Users\gtkri\AppData\Roaming\Code\User\globalStorage\redhat.java\1.12.0\config_win -data c:\Users\gtkri\AppData\Roaming\Code\User\workspaceStorage\c26d9e5ee8cb6cb9761d291b0f992107\redhat.java\jdt_ws

Host: 11th Gen Intel(R) Core(TM) i5-1135G7 @ 2.40GHz, 8 cores, 7G,  Windows 11 , 64 bit Build 22621 (10.0.22621.755)
Time: Mon Nov 14 14:02:26 2022 SE Asia Standard Time elapsed time: 5.526947 seconds (0d 0h 0m 5s)

---------------  T H R E A D  ---------------

Current thread (0x000001d4138e95e0):  JavaThread "C2 CompilerThread2" daemon [_thread_in_native, id=7068, stack(0x000000d35a300000,0x000000d35a400000)]


Current CompileTask:
C2:   5527 4688       4       org.eclipse.jdt.internal.core.JarPackageFragmentRoot::initRawPackageInfo (349 bytes)

Stack: [0x000000d35a300000,0x000000d35a400000]
Native frames: (J=compiled Java code, j=interpreted, Vv=VM code, C=native code)
V  [jvm.dll+0x67731a]
V  [jvm.dll+0x832284]
V  [jvm.dll+0x833a2e]
V  [jvm.dll+0x834093]
V  [jvm.dll+0x245775]
V  [jvm.dll+0xabd7b]
V  [jvm.dll+0xac30c]
V  [jvm.dll+0x363a42]
V  [jvm.dll+0x32e011]
V  [jvm.dll+0x32d4ba]
V  [jvm.dll+0x218681]
V  [jvm.dll+0x217aa1]
V  [jvm.dll+0x1a3f8d]
V  [jvm.dll+0x227498]
V  [jvm.dll+0x2255e5]
V  [jvm.dll+0x7e7e9b]
V  [jvm.dll+0x7e240a]
V  [jvm.dll+0x6761a5]
C  [ucrtbase.dll+0x29363]
C  [KERNEL32.DLL+0x1244d]
C  [ntdll.dll+0x5dfb8]


---------------  P R O C E S S  ---------------

Threads class SMR info:
_java_thread_list=0x000001d4131623a0, length=28, elements={
0x000001d478d9fdd0, 0x000001d47dc1cbf0, 0x000001d47dc1d4b0, 0x000001d47dc2dc40,
0x000001d47dc2e500, 0x000001d47f756040, 0x000001d47f75be10, 0x000001d47f75da20,
0x000001d47f760200, 0x000001d47f760710, 0x000001d478e5ead0, 0x000001d40f780060,
0x000001d47fa30330, 0x000001d40fd00ee0, 0x000001d410a7d9b0, 0x000001d410a7de80,
0x000001d410c420f0, 0x000001d410bd1820, 0x000001d410f47530, 0x000001d410f47a00,
0x000001d410f4a550, 0x000001d410f47ed0, 0x000001d410f49bb0, 0x000001d410f49210,
0x000001d410f483a0, 0x000001d410f48870, 0x000001d410f4a080, 0x000001d4138e95e0
}

Java Threads: ( => current thread )
  0x000001d478d9fdd0 JavaThread "main" [_thread_blocked, id=5072, stack(0x000000d358300000,0x000000d358400000)]
  0x000001d47dc1cbf0 JavaThread "Reference Handler" daemon [_thread_blocked, id=12968, stack(0x000000d358600000,0x000000d358700000)]
  0x000001d47dc1d4b0 JavaThread "Finalizer" daemon [_thread_blocked, id=1472, stack(0x000000d358700000,0x000000d358800000)]
  0x000001d47dc2dc40 JavaThread "Signal Dispatcher" daemon [_thread_blocked, id=8328, stack(0x000000d358800000,0x000000d358900000)]
  0x000001d47dc2e500 JavaThread "Attach Listener" daemon [_thread_blocked, id=9468, stack(0x000000d358900000,0x000000d358a00000)]
  0x000001d47f756040 JavaThread "Service Thread" daemon [_thread_blocked, id=11432, stack(0x000000d358a00000,0x000000d358b00000)]
  0x000001d47f75be10 JavaThread "Monitor Deflation Thread" daemon [_thread_blocked, id=13484, stack(0x000000d358b00000,0x000000d358c00000)]
  0x000001d47f75da20 JavaThread "C2 CompilerThread0" daemon [_thread_blocked, id=11284, stack(0x000000d358c00000,0x000000d358d00000)]
  0x000001d47f760200 JavaThread "C1 CompilerThread0" daemon [_thread_blocked, id=12432, stack(0x000000d358d00000,0x000000d358e00000)]
  0x000001d47f760710 JavaThread "Sweeper thread" daemon [_thread_blocked, id=11784, stack(0x000000d358e00000,0x000000d358f00000)]
  0x000001d478e5ead0 JavaThread "Common-Cleaner" daemon [_thread_blocked, id=1296, stack(0x000000d358f00000,0x000000d359000000)]
  0x000001d40f780060 JavaThread "Notification Thread" daemon [_thread_blocked, id=10204, stack(0x000000d359000000,0x000000d359100000)]
  0x000001d47fa30330 JavaThread "C2 CompilerThread1" daemon [_thread_blocked, id=8056, stack(0x000000d359200000,0x000000d359300000)]
  0x000001d40fd00ee0 JavaThread "Active Thread: Equinox Container: 518fcb3c-98a2-4a6f-8174-9f5c61f6df94" [_thread_blocked, id=13624, stack(0x000000d359900000,0x000000d359a00000)]
  0x000001d410a7d9b0 JavaThread "Framework Event Dispatcher: Equinox Container: 518fcb3c-98a2-4a6f-8174-9f5c61f6df94" daemon [_thread_blocked, id=6008, stack(0x000000d359300000,0x000000d359400000)]
  0x000001d410a7de80 JavaThread "Start Level: Equinox Container: 518fcb3c-98a2-4a6f-8174-9f5c61f6df94" daemon [_thread_blocked, id=10352, stack(0x000000d359a00000,0x000000d359b00000)]
  0x000001d410c420f0 JavaThread "SCR Component Actor" daemon [_thread_blocked, id=8832, stack(0x000000d359b00000,0x000000d359c00000)]
  0x000001d410bd1820 JavaThread "SCR Component Registry" daemon [_thread_blocked, id=6940, stack(0x000000d359e00000,0x000000d359f00000)]
  0x000001d410f47530 JavaThread "Worker-JM" [_thread_blocked, id=9940, stack(0x000000d359f00000,0x000000d35a000000)]
  0x000001d410f47a00 JavaThread "Worker-0" [_thread_blocked, id=12528, stack(0x000000d35a000000,0x000000d35a100000)]
  0x000001d410f4a550 JavaThread "Worker-1" [_thread_blocked, id=4024, stack(0x000000d35a100000,0x000000d35a200000)]
  0x000001d410f47ed0 JavaThread "Java indexing" daemon [_thread_blocked, id=8840, stack(0x000000d35a200000,0x000000d35a300000)]
  0x000001d410f49bb0 JavaThread "JNA Cleaner" daemon [_thread_blocked, id=1788, stack(0x000000d35a400000,0x000000d35a500000)]
  0x000001d410f49210 JavaThread "pool-2-thread-1" [_thread_blocked, id=9728, stack(0x000000d35a500000,0x000000d35a600000)]
  0x000001d410f483a0 JavaThread "pool-1-thread-1" [_thread_blocked, id=9776, stack(0x000000d35a600000,0x000000d35a700000)]
  0x000001d410f48870 JavaThread "Worker-2: Initialize Workspace" [_thread_in_vm, id=14116, stack(0x000000d35a700000,0x000000d35a800000)]
  0x000001d410f4a080 JavaThread "Worker-3" [_thread_blocked, id=11244, stack(0x000000d35a800000,0x000000d35a900000)]
=>0x000001d4138e95e0 JavaThread "C2 CompilerThread2" daemon [_thread_in_native, id=7068, stack(0x000000d35a300000,0x000000d35a400000)]

Other Threads:
  0x000001d47f720c20 VMThread "VM Thread" [stack: 0x000000d358500000,0x000000d358600000] [id=10692]
  0x000001d40f780530 WatcherThread [stack: 0x000000d359100000,0x000000d359200000] [id=6736]
  0x000001d478db4670 GCTaskThread "GC Thread#0" [stack: 0x000000d358400000,0x000000d358500000] [id=10912]
  0x000001d40fcddd60 GCTaskThread "GC Thread#1" [stack: 0x000000d359400000,0x000000d359500000] [id=12488]
  0x000001d40fe80660 GCTaskThread "GC Thread#2" [stack: 0x000000d359500000,0x000000d359600000] [id=1480]
  0x000001d40fc60c50 GCTaskThread "GC Thread#3" [stack: 0x000000d359600000,0x000000d359700000] [id=10648]
  0x000001d40fc60f00 GCTaskThread "GC Thread#4" [stack: 0x000000d359700000,0x000000d359800000] [id=10688]
  0x000001d40fc611b0 GCTaskThread "GC Thread#5" [stack: 0x000000d359800000,0x000000d359900000] [id=11180]
  0x000001d40fc46660 GCTaskThread "GC Thread#6" [stack: 0x000000d359c00000,0x000000d359d00000] [id=9016]
  0x000001d410b9a480 GCTaskThread "GC Thread#7" [stack: 0x000000d359d00000,0x000000d359e00000] [id=14232]

Threads with active compile tasks:
C2 CompilerThread2     5545 4688       4       org.eclipse.jdt.internal.core.JarPackageFragmentRoot::initRawPackageInfo (349 bytes)

VM state: not at safepoint (normal execution)

VM Mutex/Monitor currently owned by a thread:  ([mutex/lock_event])
[0x000001d478d9aec0] MethodCompileQueue_lock - owner thread: 0x000001d410f48870

Heap address: 0x00000000c0000000, size: 1024 MB, Compressed Oops mode: 32-bit

CDS archive(s) not mapped
Compressed class space mapped at: 0x0000000100000000-0x0000000140000000, reserved size: 1073741824
Narrow klass base: 0x0000000000000000, Narrow klass shift: 3, Narrow klass range: 0x140000000

GC Precious Log:
 CPUs: 8 total, 8 available
 Memory: 7886M
 Large Page Support: Disabled
 NUMA Support: Disabled
 Compressed Oops: Enabled (32-bit)
 Alignments: Space 512K, Generation 512K, Heap 2M
 Heap Min Capacity: 100M
 Heap Initial Capacity: 100M
 Heap Max Capacity: 1G
 Pre-touch: Disabled
 Parallel Workers: 8

Heap:
 PSYoungGen      total 24576K, used 18410K [0x00000000eab00000, 0x00000000ec780000, 0x0000000100000000)
  eden space 22016K, 73% used [0x00000000eab00000,0x00000000ebac2a60,0x00000000ec080000)
  from space 2560K, 88% used [0x00000000ec500000,0x00000000ec738010,0x00000000ec780000)
  to   space 3072K, 0% used [0x00000000ec180000,0x00000000ec180000,0x00000000ec480000)
 ParOldGen       total 68608K, used 25118K [0x00000000c0000000, 0x00000000c4300000, 0x00000000eab00000)
  object space 68608K, 36% used [0x00000000c0000000,0x00000000c18878d8,0x00000000c4300000)
 Metaspace       used 45964K, committed 46720K, reserved 1097728K
  class space    used 4934K, committed 5248K, reserved 1048576K

Card table byte_map: [0x000001d478770000,0x000001d478980000] _byte_map_base: 0x000001d478170000

Marking Bits: (ParMarkBitMap*) 0x00007fffb4f02cc0
 Begin Bits: [0x000001d47ba30000, 0x000001d47ca30000)
 End Bits:   [0x000001d47ca30000, 0x000001d47da30000)

Polling page: 0x000001d476f40000

Metaspace:

Usage:
  Non-class:     40.07 MB used.
      Class:      4.82 MB used.
       Both:     44.89 MB used.

Virtual space:
  Non-class space:       48.00 MB reserved,      40.50 MB ( 84%) committed,  6 nodes.
      Class space:        1.00 GB reserved,       5.12 MB ( <1%) committed,  1 nodes.
             Both:        1.05 GB reserved,      45.62 MB (  4%) committed. 

Chunk freelists:
   Non-Class:  3.28 MB
       Class:  2.88 MB
        Both:  6.16 MB

MaxMetaspaceSize: unlimited
CompressedClassSpaceSize: 1.00 GB
Initial GC threshold: 21.00 MB
Current GC threshold: 58.38 MB
CDS: off
MetaspaceReclaimPolicy: balanced
 - commit_granule_bytes: 65536.
 - commit_granule_words: 8192.
 - virtual_space_node_default_size: 1048576.
 - enlarge_chunks_in_place: 1.
 - new_chunks_are_fully_committed: 0.
 - uncommit_free_chunks: 1.
 - use_allocation_guard: 0.
 - handle_deallocations: 1.


Internal statistics:

num_allocs_failed_limit: 6.
num_arena_births: 324.
num_arena_deaths: 14.
num_vsnodes_births: 7.
num_vsnodes_deaths: 0.
num_space_committed: 730.
num_space_uncommitted: 0.
num_chunks_returned_to_freelist: 20.
num_chunks_taken_from_freelist: 1856.
num_chunk_merges: 10.
num_chunk_splits: 1280.
num_chunks_enlarged: 896.
num_purges: 2.
num_inconsistent_stats: 0.

CodeHeap 'non-profiled nmethods': size=120000Kb used=2651Kb max_used=2651Kb free=117348Kb
 bounds [0x000001d407ad0000, 0x000001d407d70000, 0x000001d40f000000]
CodeHeap 'profiled nmethods': size=120000Kb used=9856Kb max_used=9856Kb free=110143Kb
 bounds [0x000001d4005a0000, 0x000001d400f50000, 0x000001d407ad0000]
CodeHeap 'non-nmethods': size=5760Kb used=1284Kb max_used=1349Kb free=4476Kb
 bounds [0x000001d400000000, 0x000001d400270000, 0x000001d4005a0000]
 total_blobs=5354 nmethods=4757 adapters=510
 compilation: enabled
              stopped_count=0, restarted_count=0
 full_count=0

Compilation events (20 events):
Event: 5.511 Thread 0x000001d47f75da20 4775       4       org.eclipse.jdt.internal.core.PackageFragment::hashCode (43 bytes)
Event: 5.511 Thread 0x000001d47f760200 nmethod 4774% 0x000001d400f38b10 code [0x000001d400f38dc0, 0x000001d400f3a0d8]
Event: 5.512 Thread 0x000001d47f760200 4776       3       java.util.HashMap$HashIterator::<init> (79 bytes)
Event: 5.512 Thread 0x000001d47f760200 nmethod 4776 0x000001d400f3a790 code [0x000001d400f3a940, 0x000001d400f3acb8]
Event: 5.513 Thread 0x000001d47f760200 4778       3       org.eclipse.jdt.internal.core.JavaElement::getElementInfo (27 bytes)
Event: 5.513 Thread 0x000001d47f760200 nmethod 4778 0x000001d400f3ae10 code [0x000001d400f3afe0, 0x000001d400f3b388]
Event: 5.513 Thread 0x000001d47f760200 4779       3       java.util.Spliterators$ArraySpliterator::forEachRemaining (68 bytes)
Event: 5.514 Thread 0x000001d47f760200 nmethod 4779 0x000001d400f3b510 code [0x000001d400f3b6e0, 0x000001d400f3bb58]
Event: 5.514 Thread 0x000001d47f760200 4780       3       org.eclipse.jdt.internal.core.JrtPackageFragmentRoot::equals (69 bytes)
Event: 5.514 Thread 0x000001d47f760200 nmethod 4780 0x000001d400f3bd10 code [0x000001d400f3bf00, 0x000001d400f3c4a8]
Event: 5.515 Thread 0x000001d47fa30330 nmethod 4680 0x000001d407d61a90 code [0x000001d407d61ce0, 0x000001d407d62d80]
Event: 5.515 Thread 0x000001d47fa30330 4777       4       java.lang.ThreadLocal::set (30 bytes)
Event: 5.517 Thread 0x000001d47f760200 4781       3       com.google.gson.stream.JsonWriter::string (169 bytes)
Event: 5.518 Thread 0x000001d47f760200 nmethod 4781 0x000001d400f3c690 code [0x000001d400f3c920, 0x000001d400f3d808]
Event: 5.518 Thread 0x000001d47f760200 4782       3       com.google.gson.stream.JsonWriter::replaceTop (13 bytes)
Event: 5.519 Thread 0x000001d47f760200 nmethod 4782 0x000001d400f3de10 code [0x000001d400f3dfa0, 0x000001d400f3e0d8]
Event: 5.523 Thread 0x000001d47fa30330 nmethod 4777 0x000001d407d63a90 code [0x000001d407d63c40, 0x000001d407d640d8]
Event: 5.523 Thread 0x000001d47fa30330 4770       4       org.eclipse.jdt.internal.core.JavaElement::setParent (22 bytes)
Event: 5.524 Thread 0x000001d47fa30330 nmethod 4770 0x000001d407d64510 code [0x000001d407d64680, 0x000001d407d64758]
Event: 5.524 Thread 0x000001d47fa30330 4772       4       org.eclipse.jdt.internal.core.ClasspathAttribute::hashCode (18 bytes)

GC Heap History (20 events):
Event: 3.330 GC heap before
{Heap before GC invocations=11 (full 2):
 PSYoungGen      total 25088K, used 1710K [0x00000000eab00000, 0x00000000ec700000, 0x0000000100000000)
  eden space 23040K, 0% used [0x00000000eab00000,0x00000000eab00000,0x00000000ec180000)
  from space 2048K, 83% used [0x00000000ec180000,0x00000000ec32b928,0x00000000ec380000)
  to   space 2560K, 0% used [0x00000000ec480000,0x00000000ec480000,0x00000000ec700000)
 ParOldGen       total 68608K, used 10720K [0x00000000c0000000, 0x00000000c4300000, 0x00000000eab00000)
  object space 68608K, 15% used [0x00000000c0000000,0x00000000c0a78370,0x00000000c4300000)
 Metaspace       used 35179K, committed 35840K, reserved 1081344K
  class space    used 3575K, committed 3904K, reserved 1048576K
}
Event: 3.355 GC heap after
{Heap after GC invocations=11 (full 2):
 PSYoungGen      total 25088K, used 0K [0x00000000eab00000, 0x00000000ec700000, 0x0000000100000000)
  eden space 23040K, 0% used [0x00000000eab00000,0x00000000eab00000,0x00000000ec180000)
  from space 2048K, 0% used [0x00000000ec180000,0x00000000ec180000,0x00000000ec380000)
  to   space 2560K, 0% used [0x00000000ec480000,0x00000000ec480000,0x00000000ec700000)
 ParOldGen       total 68608K, used 12119K [0x00000000c0000000, 0x00000000c4300000, 0x00000000eab00000)
  object space 68608K, 17% used [0x00000000c0000000,0x00000000c0bd5f28,0x00000000c4300000)
 Metaspace       used 35179K, committed 35840K, reserved 1081344K
  class space    used 3575K, committed 3904K, reserved 1048576K
}
Event: 3.701 GC heap before
{Heap before GC invocations=12 (full 2):
 PSYoungGen      total 25088K, used 23040K [0x00000000eab00000, 0x00000000ec700000, 0x0000000100000000)
  eden space 23040K, 100% used [0x00000000eab00000,0x00000000ec180000,0x00000000ec180000)
  from space 2048K, 0% used [0x00000000ec180000,0x00000000ec180000,0x00000000ec380000)
  to   space 2560K, 0% used [0x00000000ec480000,0x00000000ec480000,0x00000000ec700000)
 ParOldGen       total 68608K, used 12119K [0x00000000c0000000, 0x00000000c4300000, 0x00000000eab00000)
  object space 68608K, 17% used [0x00000000c0000000,0x00000000c0bd5f28,0x00000000c4300000)
 Metaspace       used 37931K, committed 38592K, reserved 1089536K
  class space    used 3960K, committed 4224K, reserved 1048576K
}
Event: 3.703 GC heap after
{Heap after GC invocations=12 (full 2):
 PSYoungGen      total 23552K, used 921K [0x00000000eab00000, 0x00000000ec580000, 0x0000000100000000)
  eden space 22528K, 0% used [0x00000000eab00000,0x00000000eab00000,0x00000000ec100000)
  from space 1024K, 89% used [0x00000000ec480000,0x00000000ec5664f8,0x00000000ec580000)
  to   space 1536K, 0% used [0x00000000ec280000,0x00000000ec280000,0x00000000ec400000)
 ParOldGen       total 68608K, used 12127K [0x00000000c0000000, 0x00000000c4300000, 0x00000000eab00000)
  object space 68608K, 17% used [0x00000000c0000000,0x00000000c0bd7f28,0x00000000c4300000)
 Metaspace       used 37931K, committed 38592K, reserved 1089536K
  class space    used 3960K, committed 4224K, reserved 1048576K
}
Event: 4.089 GC heap before
{Heap before GC invocations=13 (full 2):
 PSYoungGen      total 23552K, used 23449K [0x00000000eab00000, 0x00000000ec580000, 0x0000000100000000)
  eden space 22528K, 100% used [0x00000000eab00000,0x00000000ec100000,0x00000000ec100000)
  from space 1024K, 89% used [0x00000000ec480000,0x00000000ec5664f8,0x00000000ec580000)
  to   space 1536K, 0% used [0x00000000ec280000,0x00000000ec280000,0x00000000ec400000)
 ParOldGen       total 68608K, used 12127K [0x00000000c0000000, 0x00000000c4300000, 0x00000000eab00000)
  object space 68608K, 17% used [0x00000000c0000000,0x00000000c0bd7f28,0x00000000c4300000)
 Metaspace       used 40272K, committed 40960K, reserved 1089536K
  class space    used 4258K, committed 4544K, reserved 1048576K
}
Event: 4.091 GC heap after
{Heap after GC invocations=13 (full 2):
 PSYoungGen      total 23552K, used 704K [0x00000000eab00000, 0x00000000ec500000, 0x0000000100000000)
  eden space 22016K, 0% used [0x00000000eab00000,0x00000000eab00000,0x00000000ec080000)
  from space 1536K, 45% used [0x00000000ec280000,0x00000000ec330000,0x00000000ec400000)
  to   space 1024K, 0% used [0x00000000ec400000,0x00000000ec400000,0x00000000ec500000)
 ParOldGen       total 68608K, used 12872K [0x00000000c0000000, 0x00000000c4300000, 0x00000000eab00000)
  object space 68608K, 18% used [0x00000000c0000000,0x00000000c0c92338,0x00000000c4300000)
 Metaspace       used 40272K, committed 40960K, reserved 1089536K
  class space    used 4258K, committed 4544K, reserved 1048576K
}
Event: 4.566 GC heap before
{Heap before GC invocations=14 (full 2):
 PSYoungGen      total 23552K, used 22720K [0x00000000eab00000, 0x00000000ec500000, 0x0000000100000000)
  eden space 22016K, 100% used [0x00000000eab00000,0x00000000ec080000,0x00000000ec080000)
  from space 1536K, 45% used [0x00000000ec280000,0x00000000ec330000,0x00000000ec400000)
  to   space 1024K, 0% used [0x00000000ec400000,0x00000000ec400000,0x00000000ec500000)
 ParOldGen       total 68608K, used 12872K [0x00000000c0000000, 0x00000000c4300000, 0x00000000eab00000)
  object space 68608K, 18% used [0x00000000c0000000,0x00000000c0c92338,0x00000000c4300000)
 Metaspace       used 42987K, committed 43776K, reserved 1089536K
  class space    used 4606K, committed 4992K, reserved 1048576K
}
Event: 4.568 GC heap after
{Heap after GC invocations=14 (full 2):
 PSYoungGen      total 23040K, used 1024K [0x00000000eab00000, 0x00000000ec580000, 0x0000000100000000)
  eden space 22016K, 0% used [0x00000000eab00000,0x00000000eab00000,0x00000000ec080000)
  from space 1024K, 100% used [0x00000000ec400000,0x00000000ec500000,0x00000000ec500000)
  to   space 2560K, 0% used [0x00000000ec080000,0x00000000ec080000,0x00000000ec300000)
 ParOldGen       total 68608K, used 13768K [0x00000000c0000000, 0x00000000c4300000, 0x00000000eab00000)
  object space 68608K, 20% used [0x00000000c0000000,0x00000000c0d72038,0x00000000c4300000)
 Metaspace       used 42987K, committed 43776K, reserved 1089536K
  class space    used 4606K, committed 4992K, reserved 1048576K
}
Event: 4.911 GC heap before
{Heap before GC invocations=15 (full 2):
 PSYoungGen      total 23040K, used 23040K [0x00000000eab00000, 0x00000000ec580000, 0x0000000100000000)
  eden space 22016K, 100% used [0x00000000eab00000,0x00000000ec080000,0x00000000ec080000)
  from space 1024K, 100% used [0x00000000ec400000,0x00000000ec500000,0x00000000ec500000)
  to   space 2560K, 0% used [0x00000000ec080000,0x00000000ec080000,0x00000000ec300000)
 ParOldGen       total 68608K, used 13768K [0x00000000c0000000, 0x00000000c4300000, 0x00000000eab00000)
  object space 68608K, 20% used [0x00000000c0000000,0x00000000c0d72038,0x00000000c4300000)
 Metaspace       used 45434K, committed 46208K, reserved 1097728K
  class space    used 4893K, committed 5248K, reserved 1048576K
}
Event: 4.915 GC heap after
{Heap after GC invocations=15 (full 2):
 PSYoungGen      total 24576K, used 2455K [0x00000000eab00000, 0x00000000ec680000, 0x0000000100000000)
  eden space 22016K, 0% used [0x00000000eab00000,0x00000000eab00000,0x00000000ec080000)
  from space 2560K, 95% used [0x00000000ec080000,0x00000000ec2e5f90,0x00000000ec300000)
  to   space 3072K, 0% used [0x00000000ec380000,0x00000000ec380000,0x00000000ec680000)
 ParOldGen       total 68608K, used 14752K [0x00000000c0000000, 0x00000000c4300000, 0x00000000eab00000)
  object space 68608K, 21% used [0x00000000c0000000,0x00000000c0e68048,0x00000000c4300000)
 Metaspace       used 45434K, committed 46208K, reserved 1097728K
  class space    used 4893K, committed 5248K, reserved 1048576K
}
Event: 4.996 GC heap before
{Heap before GC invocations=16 (full 2):
 PSYoungGen      total 24576K, used 24471K [0x00000000eab00000, 0x00000000ec680000, 0x0000000100000000)
  eden space 22016K, 100% used [0x00000000eab00000,0x00000000ec080000,0x00000000ec080000)
  from space 2560K, 95% used [0x00000000ec080000,0x00000000ec2e5f90,0x00000000ec300000)
  to   space 3072K, 0% used [0x00000000ec380000,0x00000000ec380000,0x00000000ec680000)
 ParOldGen       total 68608K, used 14752K [0x00000000c0000000, 0x00000000c4300000, 0x00000000eab00000)
  object space 68608K, 21% used [0x00000000c0000000,0x00000000c0e68048,0x00000000c4300000)
 Metaspace       used 45600K, committed 46336K, reserved 1097728K
  class space    used 4911K, committed 5248K, reserved 1048576K
}
Event: 5.000 GC heap after
{Heap after GC invocations=16 (full 2):
 PSYoungGen      total 24064K, used 1984K [0x00000000eab00000, 0x00000000ec580000, 0x0000000100000000)
  eden space 22016K, 0% used [0x00000000eab00000,0x00000000eab00000,0x00000000ec080000)
  from space 2048K, 96% used [0x00000000ec380000,0x00000000ec570010,0x00000000ec580000)
  to   space 2560K, 0% used [0x00000000ec080000,0x00000000ec080000,0x00000000ec300000)
 ParOldGen       total 68608K, used 17094K [0x00000000c0000000, 0x00000000c4300000, 0x00000000eab00000)
  object space 68608K, 24% used [0x00000000c0000000,0x00000000c10b1b80,0x00000000c4300000)
 Metaspace       used 45600K, committed 46336K, reserved 1097728K
  class space    used 4911K, committed 5248K, reserved 1048576K
}
Event: 5.083 GC heap before
{Heap before GC invocations=17 (full 2):
 PSYoungGen      total 24064K, used 24000K [0x00000000eab00000, 0x00000000ec580000, 0x0000000100000000)
  eden space 22016K, 100% used [0x00000000eab00000,0x00000000ec080000,0x00000000ec080000)
  from space 2048K, 96% used [0x00000000ec380000,0x00000000ec570010,0x00000000ec580000)
  to   space 2560K, 0% used [0x00000000ec080000,0x00000000ec080000,0x00000000ec300000)
 ParOldGen       total 68608K, used 17094K [0x00000000c0000000, 0x00000000c4300000, 0x00000000eab00000)
  object space 68608K, 24% used [0x00000000c0000000,0x00000000c10b1b80,0x00000000c4300000)
 Metaspace       used 45647K, committed 46400K, reserved 1097728K
  class space    used 4911K, committed 5248K, reserved 1048576K
}
Event: 5.086 GC heap after
{Heap after GC invocations=17 (full 2):
 PSYoungGen      total 24064K, used 1824K [0x00000000eab00000, 0x00000000ec480000, 0x0000000100000000)
  eden space 22016K, 0% used [0x00000000eab00000,0x00000000eab00000,0x00000000ec080000)
  from space 2048K, 89% used [0x00000000ec080000,0x00000000ec248000,0x00000000ec280000)
  to   space 2048K, 0% used [0x00000000ec280000,0x00000000ec280000,0x00000000ec480000)
 ParOldGen       total 68608K, used 18974K [0x00000000c0000000, 0x00000000c4300000, 0x00000000eab00000)
  object space 68608K, 27% used [0x00000000c0000000,0x00000000c1287bb0,0x00000000c4300000)
 Metaspace       used 45647K, committed 46400K, reserved 1097728K
  class space    used 4911K, committed 5248K, reserved 1048576K
}
Event: 5.142 GC heap before
{Heap before GC invocations=18 (full 2):
 PSYoungGen      total 24064K, used 23840K [0x00000000eab00000, 0x00000000ec480000, 0x0000000100000000)
  eden space 22016K, 100% used [0x00000000eab00000,0x00000000ec080000,0x00000000ec080000)
  from space 2048K, 89% used [0x00000000ec080000,0x00000000ec248000,0x00000000ec280000)
  to   space 2048K, 0% used [0x00000000ec280000,0x00000000ec280000,0x00000000ec480000)
 ParOldGen       total 68608K, used 18974K [0x00000000c0000000, 0x00000000c4300000, 0x00000000eab00000)
  object space 68608K, 27% used [0x00000000c0000000,0x00000000c1287bb0,0x00000000c4300000)
 Metaspace       used 45700K, committed 46400K, reserved 1097728K
  class space    used 4923K, committed 5248K, reserved 1048576K
}
Event: 5.145 GC heap after
{Heap after GC invocations=18 (full 2):
 PSYoungGen      total 24064K, used 1952K [0x00000000eab00000, 0x00000000ec480000, 0x0000000100000000)
  eden space 22016K, 0% used [0x00000000eab00000,0x00000000eab00000,0x00000000ec080000)
  from space 2048K, 95% used [0x00000000ec280000,0x00000000ec468010,0x00000000ec480000)
  to   space 2048K, 0% used [0x00000000ec080000,0x00000000ec080000,0x00000000ec280000)
 ParOldGen       total 68608K, used 21222K [0x00000000c0000000, 0x00000000c4300000, 0x00000000eab00000)
  object space 68608K, 30% used [0x00000000c0000000,0x00000000c14b9bc0,0x00000000c4300000)
 Metaspace       used 45700K, committed 46400K, reserved 1097728K
  class space    used 4923K, committed 5248K, reserved 1048576K
}
Event: 5.221 GC heap before
{Heap before GC invocations=19 (full 2):
 PSYoungGen      total 24064K, used 23968K [0x00000000eab00000, 0x00000000ec480000, 0x0000000100000000)
  eden space 22016K, 100% used [0x00000000eab00000,0x00000000ec080000,0x00000000ec080000)
  from space 2048K, 95% used [0x00000000ec280000,0x00000000ec468010,0x00000000ec480000)
  to   space 2048K, 0% used [0x00000000ec080000,0x00000000ec080000,0x00000000ec280000)
 ParOldGen       total 68608K, used 21222K [0x00000000c0000000, 0x00000000c4300000, 0x00000000eab00000)
  object space 68608K, 30% used [0x00000000c0000000,0x00000000c14b9bc0,0x00000000c4300000)
 Metaspace       used 45700K, committed 46400K, reserved 1097728K
  class space    used 4923K, committed 5248K, reserved 1048576K
}
Event: 5.224 GC heap after
{Heap after GC invocations=19 (full 2):
 PSYoungGen      total 24064K, used 2048K [0x00000000eab00000, 0x00000000ec980000, 0x0000000100000000)
  eden space 22016K, 0% used [0x00000000eab00000,0x00000000eab00000,0x00000000ec080000)
  from space 2048K, 100% used [0x00000000ec080000,0x00000000ec280000,0x00000000ec280000)
  to   space 4608K, 0% used [0x00000000ec500000,0x00000000ec500000,0x00000000ec980000)
 ParOldGen       total 68608K, used 23142K [0x00000000c0000000, 0x00000000c4300000, 0x00000000eab00000)
  object space 68608K, 33% used [0x00000000c0000000,0x00000000c16998d8,0x00000000c4300000)
 Metaspace       used 45700K, committed 46400K, reserved 1097728K
  class space    used 4923K, committed 5248K, reserved 1048576K
}
Event: 5.389 GC heap before
{Heap before GC invocations=20 (full 2):
 PSYoungGen      total 24064K, used 24064K [0x00000000eab00000, 0x00000000ec980000, 0x0000000100000000)
  eden space 22016K, 100% used [0x00000000eab00000,0x00000000ec080000,0x00000000ec080000)
  from space 2048K, 100% used [0x00000000ec080000,0x00000000ec280000,0x00000000ec280000)
  to   space 4608K, 0% used [0x00000000ec500000,0x00000000ec500000,0x00000000ec980000)
 ParOldGen       total 68608K, used 23142K [0x00000000c0000000, 0x00000000c4300000, 0x00000000eab00000)
  object space 68608K, 33% used [0x00000000c0000000,0x00000000c16998d8,0x00000000c4300000)
 Metaspace       used 45700K, committed 46400K, reserved 1097728K
  class space    used 4923K, committed 5248K, reserved 1048576K
}
Event: 5.395 GC heap after
{Heap after GC invocations=20 (full 2):
 PSYoungGen      total 24576K, used 2272K [0x00000000eab00000, 0x00000000ec780000, 0x0000000100000000)
  eden space 22016K, 0% used [0x00000000eab00000,0x00000000eab00000,0x00000000ec080000)
  from space 2560K, 88% used [0x00000000ec500000,0x00000000ec738010,0x00000000ec780000)
  to   space 3072K, 0% used [0x00000000ec180000,0x00000000ec180000,0x00000000ec480000)
 ParOldGen       total 68608K, used 25118K [0x00000000c0000000, 0x00000000c4300000, 0x00000000eab00000)
  object space 68608K, 36% used [0x00000000c0000000,0x00000000c18878d8,0x00000000c4300000)
 Metaspace       used 45700K, committed 46400K, reserved 1097728K
  class space    used 4923K, committed 5248K, reserved 1048576K
}

Deoptimization events (20 events):
Event: 5.408 Thread 0x000001d410f48870 Uncommon trap: trap_request=0xffffffbe fr.pc=0x000001d407d46224 relative=0x00000000000029e4
Event: 5.408 Thread 0x000001d410f48870 Uncommon trap: reason=profile_predicate action=maybe_recompile pc=0x000001d407d46224 method=org.eclipse.jdt.internal.core.util.HashtableOfArrayToObject.getKey([Ljava/lang/Object;I)[Ljava/lang/Object; @ 61 c2
Event: 5.408 Thread 0x000001d410f48870 DEOPT PACKING pc=0x000001d407d46224 sp=0x000000d35a7fec50
Event: 5.408 Thread 0x000001d410f48870 DEOPT UNPACKING pc=0x000001d400055923 sp=0x000000d35a7feba0 mode 2
Event: 5.410 Thread 0x000001d410f48870 Uncommon trap: trap_request=0xffffffbe fr.pc=0x000001d407d387ac relative=0x00000000000005ec
Event: 5.410 Thread 0x000001d410f48870 Uncommon trap: reason=profile_predicate action=maybe_recompile pc=0x000001d407d387ac method=org.eclipse.jdt.internal.core.util.HashtableOfArrayToObject.getKey([Ljava/lang/Object;I)[Ljava/lang/Object; @ 61 c2
Event: 5.411 Thread 0x000001d410f48870 DEOPT PACKING pc=0x000001d407d387ac sp=0x000000d35a7febd0
Event: 5.411 Thread 0x000001d410f48870 DEOPT UNPACKING pc=0x000001d400055923 sp=0x000000d35a7feb98 mode 2
Event: 5.411 Thread 0x000001d410f48870 Uncommon trap: trap_request=0xffffffbe fr.pc=0x000001d407d3986c relative=0x00000000000005ac
Event: 5.411 Thread 0x000001d410f48870 Uncommon trap: reason=profile_predicate action=maybe_recompile pc=0x000001d407d3986c method=org.eclipse.jdt.internal.core.util.HashtableOfArrayToObject.get([Ljava/lang/Object;)Ljava/lang/Object; @ 64 c2
Event: 5.411 Thread 0x000001d410f48870 DEOPT PACKING pc=0x000001d407d3986c sp=0x000000d35a7fec00
Event: 5.411 Thread 0x000001d410f48870 DEOPT UNPACKING pc=0x000001d400055923 sp=0x000000d35a7febc0 mode 2
Event: 5.413 Thread 0x000001d410f48870 Uncommon trap: trap_request=0xffffffbe fr.pc=0x000001d407d3986c relative=0x00000000000005ac
Event: 5.413 Thread 0x000001d410f48870 Uncommon trap: reason=profile_predicate action=maybe_recompile pc=0x000001d407d3986c method=org.eclipse.jdt.internal.core.util.HashtableOfArrayToObject.get([Ljava/lang/Object;)Ljava/lang/Object; @ 64 c2
Event: 5.413 Thread 0x000001d410f48870 DEOPT PACKING pc=0x000001d407d3986c sp=0x000000d35a7fec00
Event: 5.413 Thread 0x000001d410f48870 DEOPT UNPACKING pc=0x000001d400055923 sp=0x000000d35a7febc0 mode 2
Event: 5.417 Thread 0x000001d410f48870 Uncommon trap: trap_request=0xffffffbe fr.pc=0x000001d407d3986c relative=0x00000000000005ac
Event: 5.417 Thread 0x000001d410f48870 Uncommon trap: reason=profile_predicate action=maybe_recompile pc=0x000001d407d3986c method=org.eclipse.jdt.internal.core.util.HashtableOfArrayToObject.get([Ljava/lang/Object;)Ljava/lang/Object; @ 64 c2
Event: 5.417 Thread 0x000001d410f48870 DEOPT PACKING pc=0x000001d407d3986c sp=0x000000d35a7fec00
Event: 5.417 Thread 0x000001d410f48870 DEOPT UNPACKING pc=0x000001d400055923 sp=0x000000d35a7febc0 mode 2

Classes unloaded (7 events):
Event: 2.034 Thread 0x000001d47f720c20 Unloading class 0x0000000100218800 'java/lang/invoke/LambdaForm$MH+0x0000000100218800'
Event: 2.034 Thread 0x000001d47f720c20 Unloading class 0x0000000100218400 'java/lang/invoke/LambdaForm$MH+0x0000000100218400'
Event: 2.034 Thread 0x000001d47f720c20 Unloading class 0x0000000100218000 'java/lang/invoke/LambdaForm$MH+0x0000000100218000'
Event: 2.034 Thread 0x000001d47f720c20 Unloading class 0x0000000100217c00 'java/lang/invoke/LambdaForm$MH+0x0000000100217c00'
Event: 2.034 Thread 0x000001d47f720c20 Unloading class 0x0000000100217400 'java/lang/invoke/LambdaForm$BMH+0x0000000100217400'
Event: 2.034 Thread 0x000001d47f720c20 Unloading class 0x0000000100217000 'java/lang/invoke/LambdaForm$DMH+0x0000000100217000'
Event: 2.034 Thread 0x000001d47f720c20 Unloading class 0x0000000100214400 'java/lang/invoke/LambdaForm$DMH+0x0000000100214400'

Classes redefined (0 events):
No events

Internal exceptions (20 events):
Event: 2.705 Thread 0x000001d410a7de80 Exception <a 'java/lang/NoSuchMethodError'{0x00000000ebc69ac0}: 'java.lang.Object java.lang.invoke.DirectMethodHandle$Holder.invokeStaticInit(java.lang.Object, int, int, int, int)'> (0x00000000ebc69ac0) 
thrown [s\src\hotspot\share\interpreter\linkResolver.cpp, line 759]
Event: 2.741 Thread 0x000001d410a7de80 Exception <a 'java/lang/NoSuchMethodError'{0x00000000ebd3b6f0}: 'java.lang.Object java.lang.invoke.DirectMethodHandle$Holder.invokeStaticInit(java.lang.Object, java.lang.Object, int, int, int, int)'> (0x00000000ebd3b6f0) 
thrown [s\src\hotspot\share\interpreter\linkResolver.cpp, line 759]
Event: 2.786 Thread 0x000001d410a7de80 Exception <a 'java/lang/ClassNotFoundException'{0x00000000ec010cf8}: com/sun/org/apache/xml/internal/serializer/spi/XMLEntitiesProvider> (0x00000000ec010cf8) 
thrown [s\src\hotspot\share\classfile\systemDictionary.cpp, line 256]
Event: 2.870 Thread 0x000001d410a7de80 Exception <a 'java/io/FileNotFoundException'{0x00000000eab839d8}> (0x00000000eab839d8) 
thrown [s\src\hotspot\share\prims\jni.cpp, line 516]
Event: 2.958 Thread 0x000001d410a7de80 Exception <a 'java/lang/UnsatisfiedLinkError'{0x00000000eaed5fd0}: The specified procedure could not be found.
> (0x00000000eaed5fd0) 
thrown [s\src\hotspot\share\prims\jni.cpp, line 535]
Event: 2.962 Thread 0x000001d410a7de80 Exception <a 'java/io/FileNotFoundException'{0x00000000eaef90e8}> (0x00000000eaef90e8) 
thrown [s\src\hotspot\share\prims\jni.cpp, line 516]
Event: 2.970 Thread 0x000001d410a7de80 Exception <a 'java/io/FileNotFoundException'{0x00000000eaf68608}> (0x00000000eaf68608) 
thrown [s\src\hotspot\share\prims\jni.cpp, line 516]
Event: 2.978 Thread 0x000001d410a7de80 Exception <a 'java/lang/UnsatisfiedLinkError'{0x00000000eaff3298}: The specified procedure could not be found.
> (0x00000000eaff3298) 
thrown [s\src\hotspot\share\prims\jni.cpp, line 535]
Event: 3.060 Thread 0x000001d478d9fdd0 Exception <a 'java/lang/NoSuchMethodError'{0x00000000eb50d260}: 'void java.lang.invoke.DirectMethodHandle$Holder.invokeStatic(java.lang.Object, java.lang.Object, java.lang.Object, java.lang.Object)'> (0x00000000eb50d260) 
thrown [s\src\hotspot\share\interpreter\linkResolver.cpp, line 759]
Event: 3.153 Thread 0x000001d478d9fdd0 Exception <a 'java/lang/NoSuchMethodError'{0x00000000ebdaee58}: 'void java.lang.invoke.DirectMethodHandle$Holder.invokeSpecial(java.lang.Object, java.lang.Object, java.lang.Object, java.lang.Object, java.lang.Object, java.lang.Object)'> (0x00000000ebdaee58) 
thrown [s\src\hotspot\share\interpreter\linkResolver.cpp, line 759]
Event: 3.155 Thread 0x000001d478d9fdd0 Exception <a 'java/lang/NoSuchMethodError'{0x00000000ebdb6510}: 'java.lang.Object java.lang.invoke.DirectMethodHandle$Holder.newInvokeSpecial(java.lang.Object, java.lang.Object, java.lang.Object, java.lang.Object, java.lang.Object)'> (0x00000000ebdb6510) 
thrown [s\src\hotspot\share\interpreter\linkResolver.cpp, line 759]
Event: 3.263 Thread 0x000001d410f483a0 Exception <a 'java/io/FileNotFoundException'{0x00000000ec268640}> (0x00000000ec268640) 
thrown [s\src\hotspot\share\prims\jni.cpp, line 516]
Event: 3.642 Thread 0x000001d410f4a550 Exception <a 'java/lang/NoClassDefFoundError'{0x00000000ebc3e500}: javax/enterprise/inject/Typed> (0x00000000ebc3e500) 
thrown [s\src\hotspot\share\classfile\systemDictionary.cpp, line 245]
Event: 4.433 Thread 0x000001d410f4a550 Exception <a 'java/lang/NoClassDefFoundError'{0x00000000ebb30e88}: com/google/inject/servlet/ServletModuleTargetVisitor> (0x00000000ebb30e88) 
thrown [s\src\hotspot\share\classfile\systemDictionary.cpp, line 245]
Event: 4.675 Thread 0x000001d410f48870 Exception <a 'java/lang/NoSuchMethodError'{0x00000000eb329a30}: 'int java.lang.invoke.DirectMethodHandle$Holder.invokeInterface(java.lang.Object, java.lang.Object)'> (0x00000000eb329a30) 
thrown [s\src\hotspot\share\interpreter\linkResolver.cpp, line 759]
Event: 4.676 Thread 0x000001d410f48870 Exception <a 'java/lang/IncompatibleClassChangeError'{0x00000000eb32cd18}: Found class java.lang.Object, but interface was expected> (0x00000000eb32cd18) 
thrown [s\src\hotspot\share\interpreter\linkResolver.cpp, line 826]
Event: 4.756 Thread 0x000001d410f48870 Exception <a 'java/lang/NoSuchMethodError'{0x00000000eb6d47e8}: 'java.lang.Object java.lang.invoke.Invokers$Holder.invoke_MT(java.lang.Object, java.lang.Object, java.lang.Object)'> (0x00000000eb6d47e8) 
thrown [s\src\hotspot\share\interpreter\linkResolver.cpp, line 759]
Event: 4.969 Thread 0x000001d410f48870 Exception <a 'java/io/FileNotFoundException'{0x00000000eba25d68}> (0x00000000eba25d68) 
thrown [s\src\hotspot\share\prims\jni.cpp, line 516]
Event: 4.969 Thread 0x000001d410f48870 Exception <a 'java/io/FileNotFoundException'{0x00000000eba27658}> (0x00000000eba27658) 
thrown [s\src\hotspot\share\prims\jni.cpp, line 516]
Event: 4.971 Thread 0x000001d410f48870 Exception <a 'java/lang/NoSuchMethodError'{0x00000000eba33b88}: 'void java.lang.invoke.DirectMethodHandle$Holder.invokeStaticInit(java.lang.Object, java.lang.Object, java.lang.Object)'> (0x00000000eba33b88) 
thrown [s\src\hotspot\share\interpreter\linkResolver.cpp, line 759]

VM Operations (20 events):
Event: 4.739 Executing VM operation: HandshakeAllThreads
Event: 4.739 Executing VM operation: HandshakeAllThreads done
Event: 4.772 Executing VM operation: HandshakeAllThreads
Event: 4.772 Executing VM operation: HandshakeAllThreads done
Event: 4.819 Executing VM operation: HandshakeAllThreads
Event: 4.819 Executing VM operation: HandshakeAllThreads done
Event: 4.891 Executing VM operation: ICBufferFull
Event: 4.891 Executing VM operation: ICBufferFull done
Event: 4.911 Executing VM operation: ParallelGCFailedAllocation
Event: 4.917 Executing VM operation: ParallelGCFailedAllocation done
Event: 4.995 Executing VM operation: ParallelGCFailedAllocation
Event: 5.000 Executing VM operation: ParallelGCFailedAllocation done
Event: 5.083 Executing VM operation: ParallelGCFailedAllocation
Event: 5.086 Executing VM operation: ParallelGCFailedAllocation done
Event: 5.142 Executing VM operation: ParallelGCFailedAllocation
Event: 5.145 Executing VM operation: ParallelGCFailedAllocation done
Event: 5.221 Executing VM operation: ParallelGCFailedAllocation
Event: 5.224 Executing VM operation: ParallelGCFailedAllocation done
Event: 5.389 Executing VM operation: ParallelGCFailedAllocation
Event: 5.395 Executing VM operation: ParallelGCFailedAllocation done

Events (20 events):
Event: 4.819 loading class java/nio/file/FileTreeWalker$DirectoryNode
Event: 4.819 loading class java/nio/file/FileTreeWalker$DirectoryNode done
Event: 4.819 loading class java/nio/file/FileTreeWalker$Event
Event: 4.819 loading class java/nio/file/FileTreeWalker$Event done
Event: 4.820 loading class java/nio/file/FileTreeWalker$EventType
Event: 4.820 loading class java/nio/file/FileTreeWalker$EventType done
Event: 4.820 loading class java/nio/file/Files$3
Event: 4.820 loading class java/nio/file/Files$3 done
Event: 4.820 loading class java/nio/file/FileVisitResult
Event: 4.820 loading class java/nio/file/FileVisitResult done
Event: 4.862 loading class java/util/regex/Pattern$BackRef
Event: 4.862 loading class java/util/regex/Pattern$BackRef done
Event: 4.870 loading class java/lang/ThreadLocal$SuppliedThreadLocal
Event: 4.870 loading class java/lang/ThreadLocal$SuppliedThreadLocal done
Event: 4.898 loading class java/nio/channels/Channels$ReadableByteChannelImpl
Event: 4.898 loading class java/nio/channels/Channels$ReadableByteChannelImpl done
Event: 4.899 loading class java/nio/channels/NonWritableChannelException
Event: 4.899 loading class java/nio/channels/NonWritableChannelException done
Event: 4.899 loading class sun/nio/ch/ChannelInputStream
Event: 4.899 loading class sun/nio/ch/ChannelInputStream done


Dynamic libraries:
0x00007ff752220000 - 0x00007ff75222e000 	c:\Users\gtkri\.vscode\extensions\redhat.java-1.12.0-win32-x64\jre\17.0.4.1-win32-x86_64\bin\java.exe
0x00007ff84a170000 - 0x00007ff84a384000 	C:\WINDOWS\SYSTEM32\ntdll.dll
0x00007ff849fd0000 - 0x00007ff84a092000 	C:\WINDOWS\System32\KERNEL32.DLL
0x00007ff8475a0000 - 0x00007ff84793d000 	C:\WINDOWS\System32\KERNELBASE.dll
0x00007ff847bd0000 - 0x00007ff847ce1000 	C:\WINDOWS\System32\ucrtbase.dll
0x00007fffb7750000 - 0x00007fffb7768000 	c:\Users\gtkri\.vscode\extensions\redhat.java-1.12.0-win32-x64\jre\17.0.4.1-win32-x86_64\bin\jli.dll
0x00007ff8492b0000 - 0x00007ff84945a000 	C:\WINDOWS\System32\USER32.dll
0x00007fffb7730000 - 0x00007fffb7749000 	c:\Users\gtkri\.vscode\extensions\redhat.java-1.12.0-win32-x64\jre\17.0.4.1-win32-x86_64\bin\VCRUNTIME140.dll
0x00007ff847ba0000 - 0x00007ff847bc6000 	C:\WINDOWS\System32\win32u.dll
0x00007ff847f70000 - 0x00007ff847f99000 	C:\WINDOWS\System32\GDI32.dll
0x00007ff847cf0000 - 0x00007ff847e02000 	C:\WINDOWS\System32\gdi32full.dll
0x00007ff830510000 - 0x00007ff83079e000 	C:\WINDOWS\WinSxS\amd64_microsoft.windows.common-controls_6595b64144ccf1df_6.0.22621.608_none_a9444ca7c10bb01d\COMCTL32.dll
0x00007ff847e10000 - 0x00007ff847eaa000 	C:\WINDOWS\System32\msvcp_win.dll
0x00007ff849580000 - 0x00007ff849627000 	C:\WINDOWS\System32\msvcrt.dll
0x00007ff849460000 - 0x00007ff849492000 	C:\WINDOWS\System32\IMM32.DLL
0x00007ff800000000 - 0x00007ff80000c000 	c:\Users\gtkri\.vscode\extensions\redhat.java-1.12.0-win32-x64\jre\17.0.4.1-win32-x86_64\bin\vcruntime140_1.dll
0x00007fffb4fd0000 - 0x00007fffb5061000 	c:\Users\gtkri\.vscode\extensions\redhat.java-1.12.0-win32-x64\jre\17.0.4.1-win32-x86_64\bin\msvcp140.dll
0x00007fffb4380000 - 0x00007fffb4fc6000 	c:\Users\gtkri\.vscode\extensions\redhat.java-1.12.0-win32-x64\jre\17.0.4.1-win32-x86_64\bin\server\jvm.dll
0x00007ff848d40000 - 0x00007ff848dee000 	C:\WINDOWS\System32\ADVAPI32.dll
0x00007ff848e70000 - 0x00007ff848f14000 	C:\WINDOWS\System32\sechost.dll
0x00007ff8484c0000 - 0x00007ff8485d5000 	C:\WINDOWS\System32\RPCRT4.dll
0x00007ff849fb0000 - 0x00007ff849fb8000 	C:\WINDOWS\System32\PSAPI.DLL
0x00007ff80b4f0000 - 0x00007ff80b4f9000 	C:\WINDOWS\SYSTEM32\WSOCK32.dll
0x00007ff848df0000 - 0x00007ff848e61000 	C:\WINDOWS\System32\WS2_32.dll
0x00007ff83de60000 - 0x00007ff83de6a000 	C:\WINDOWS\SYSTEM32\VERSION.dll
0x00007ff83c2f0000 - 0x00007ff83c324000 	C:\WINDOWS\SYSTEM32\WINMM.dll
0x00007ff846680000 - 0x00007ff846698000 	C:\WINDOWS\SYSTEM32\kernel.appcore.dll
0x00007ffffc0c0000 - 0x00007ffffc0ca000 	c:\Users\gtkri\.vscode\extensions\redhat.java-1.12.0-win32-x64\jre\17.0.4.1-win32-x86_64\bin\jimage.dll
0x00007ff844f60000 - 0x00007ff84518e000 	C:\WINDOWS\SYSTEM32\DBGHELP.DLL
0x00007ff848010000 - 0x00007ff84839a000 	C:\WINDOWS\System32\combase.dll
0x00007ff8494a0000 - 0x00007ff849577000 	C:\WINDOWS\System32\OLEAUT32.dll
0x00007ff827aa0000 - 0x00007ff827ad2000 	C:\WINDOWS\SYSTEM32\dbgcore.DLL
0x00007ff847940000 - 0x00007ff8479bb000 	C:\WINDOWS\System32\bcryptPrimitives.dll
0x00007ffff7560000 - 0x00007ffff756e000 	c:\Users\gtkri\.vscode\extensions\redhat.java-1.12.0-win32-x64\jre\17.0.4.1-win32-x86_64\bin\instrument.dll
0x00007fffb7700000 - 0x00007fffb7725000 	c:\Users\gtkri\.vscode\extensions\redhat.java-1.12.0-win32-x64\jre\17.0.4.1-win32-x86_64\bin\java.dll
0x00007fffb76e0000 - 0x00007fffb76f8000 	c:\Users\gtkri\.vscode\extensions\redhat.java-1.12.0-win32-x64\jre\17.0.4.1-win32-x86_64\bin\zip.dll
0x00007ff8497d0000 - 0x00007ff849fb0000 	C:\WINDOWS\System32\SHELL32.dll
0x00007ff845590000 - 0x00007ff845e55000 	C:\WINDOWS\SYSTEM32\windows.storage.dll
0x00007ff845450000 - 0x00007ff84558e000 	C:\WINDOWS\SYSTEM32\wintypes.dll
0x00007ff849160000 - 0x00007ff849251000 	C:\WINDOWS\System32\SHCORE.dll
0x00007ff848ca0000 - 0x00007ff848cfe000 	C:\WINDOWS\System32\shlwapi.dll
0x00007ff8474d0000 - 0x00007ff8474f1000 	C:\WINDOWS\SYSTEM32\profapi.dll
0x00007fffb4360000 - 0x00007fffb4379000 	C:\Users\gtkri\.vscode\extensions\redhat.java-1.12.0-win32-x64\jre\17.0.4.1-win32-x86_64\bin\net.dll
0x00007ff841bf0000 - 0x00007ff841d1f000 	C:\WINDOWS\SYSTEM32\WINHTTP.dll
0x00007ff846b60000 - 0x00007ff846bc9000 	C:\WINDOWS\system32\mswsock.dll
0x00007fffb4340000 - 0x00007fffb4355000 	C:\Users\gtkri\.vscode\extensions\redhat.java-1.12.0-win32-x64\jre\17.0.4.1-win32-x86_64\bin\nio.dll
0x00007ffff6d80000 - 0x00007ffff6d90000 	c:\Users\gtkri\.vscode\extensions\redhat.java-1.12.0-win32-x64\jre\17.0.4.1-win32-x86_64\bin\verify.dll
0x00007ff809ff0000 - 0x00007ff80a02e000 	C:\Users\gtkri\AppData\Roaming\Code\User\globalStorage\redhat.java\1.12.0\config_win\org.eclipse.equinox.launcher\org.eclipse.equinox.launcher.win32.win32.x86_64_1.2.600.v20220720-1916\eclipse_11700.dll
0x00007ff849630000 - 0x00007ff8497cc000 	C:\WINDOWS\System32\ole32.dll
0x00007ff846da0000 - 0x00007ff846dbb000 	C:\WINDOWS\SYSTEM32\CRYPTSP.dll
0x00007ff8465c0000 - 0x00007ff8465f5000 	C:\WINDOWS\system32\rsaenh.dll
0x00007ff846c50000 - 0x00007ff846c78000 	C:\WINDOWS\SYSTEM32\USERENV.dll
0x00007ff846f60000 - 0x00007ff846f88000 	C:\WINDOWS\SYSTEM32\bcrypt.dll
0x00007ff846dc0000 - 0x00007ff846dcc000 	C:\WINDOWS\SYSTEM32\CRYPTBASE.dll
0x00007ff8460b0000 - 0x00007ff8460dd000 	C:\WINDOWS\SYSTEM32\IPHLPAPI.DLL
0x00007ff848d10000 - 0x00007ff848d19000 	C:\WINDOWS\System32\NSI.dll
0x00007ff83de70000 - 0x00007ff83de89000 	C:\WINDOWS\SYSTEM32\dhcpcsvc6.DLL
0x00007ff83ca50000 - 0x00007ff83ca6f000 	C:\WINDOWS\SYSTEM32\dhcpcsvc.DLL
0x00007ff846120000 - 0x00007ff846212000 	C:\WINDOWS\SYSTEM32\DNSAPI.dll
0x00007ff8423e0000 - 0x00007ff842420000 	C:\Users\gtkri\AppData\Local\Temp\jna-98684885\jna4618322509208177183.dll

dbghelp: loaded successfully - version: 4.0.5 - missing functions: none
symbol engine: initialized successfully - sym options: 0x614 - pdb path: .;c:\Users\gtkri\.vscode\extensions\redhat.java-1.12.0-win32-x64\jre\17.0.4.1-win32-x86_64\bin;C:\WINDOWS\SYSTEM32;C:\WINDOWS\WinSxS\amd64_microsoft.windows.common-controls_6595b64144ccf1df_6.0.22621.608_none_a9444ca7c10bb01d;c:\Users\gtkri\.vscode\extensions\redhat.java-1.12.0-win32-x64\jre\17.0.4.1-win32-x86_64\bin\server;C:\Users\gtkri\AppData\Roaming\Code\User\globalStorage\redhat.java\1.12.0\config_win\org.eclipse.equinox.launcher\org.eclipse.equinox.launcher.win32.win32.x86_64_1.2.600.v20220720-1916;C:\Users\gtkri\AppData\Local\Temp\jna-98684885

VM Arguments:
jvm_args: --add-modules=ALL-SYSTEM --add-opens=java.base/java.util=ALL-UNNAMED --add-opens=java.base/java.lang=ALL-UNNAMED --add-opens=java.base/sun.nio.fs=ALL-UNNAMED -Declipse.application=org.eclipse.jdt.ls.core.id1 -Dosgi.bundles.defaultStartLevel=4 -Declipse.product=org.eclipse.jdt.ls.core.product -Djava.import.generatesMetadataFilesAtProjectRoot=false -Dfile.encoding=utf8 -XX:+UseParallelGC -XX:GCTimeRatio=4 -XX:AdaptiveSizePolicyWeight=90 -Dsun.zip.disableMemoryMapping=true -Xmx1G -Xms100m -Xlog:disable -javaagent:c:\Users\gtkri\.vscode\extensions\redhat.java-1.12.0-win32-x64\lombok\lombok-1.18.24.jar -XX:+HeapDumpOnOutOfMemoryError -XX:HeapDumpPath=c:\Users\gtkri\AppData\Roaming\Code\User\workspaceStorage\c26d9e5ee8cb6cb9761d291b0f992107\redhat.java 
java_command: c:\Users\gtkri\.vscode\extensions\redhat.java-1.12.0-win32-x64\server\plugins\org.eclipse.equinox.launcher_1.6.400.v20210924-0641.jar -configuration c:\Users\gtkri\AppData\Roaming\Code\User\globalStorage\redhat.java\1.12.0\config_win -data c:\Users\gtkri\AppData\Roaming\Code\User\workspaceStorage\c26d9e5ee8cb6cb9761d291b0f992107\redhat.java\jdt_ws
java_class_path (initial): c:\Users\gtkri\.vscode\extensions\redhat.java-1.12.0-win32-x64\server\plugins\org.eclipse.equinox.launcher_1.6.400.v20210924-0641.jar
Launcher Type: SUN_STANDARD

[Global flags]
    uintx AdaptiveSizePolicyWeight                 = 90                                        {product} {command line}
     intx CICompilerCount                          = 4                                         {product} {ergonomic}
    uintx GCTimeRatio                              = 4                                         {product} {command line}
     bool HeapDumpOnOutOfMemoryError               = true                                   {manageable} {command line}
    ccstr HeapDumpPath                             = c:\Users\gtkri\AppData\Roaming\Code\User\workspaceStorage\c26d9e5ee8cb6cb9761d291b0f992107\redhat.java         {manageable} {command line}
   size_t InitialHeapSize                          = 104857600                                 {product} {command line}
   size_t MaxHeapSize                              = 1073741824                                {product} {command line}
   size_t MaxNewSize                               = 357564416                                 {product} {ergonomic}
   size_t MinHeapDeltaBytes                        = 524288                                    {product} {ergonomic}
   size_t MinHeapSize                              = 104857600                                 {product} {command line}
   size_t NewSize                                  = 34603008                                  {product} {ergonomic}
    uintx NonNMethodCodeHeapSize                   = 5839372                                {pd product} {ergonomic}
    uintx NonProfiledCodeHeapSize                  = 122909434                              {pd product} {ergonomic}
   size_t OldSize                                  = 70254592                                  {product} {ergonomic}
    uintx ProfiledCodeHeapSize                     = 122909434                              {pd product} {ergonomic}
    uintx ReservedCodeCacheSize                    = 251658240                              {pd product} {ergonomic}
     bool SegmentedCodeCache                       = true                                      {product} {ergonomic}
   size_t SoftMaxHeapSize                          = 1073741824                             {manageable} {ergonomic}
     bool UseCompressedClassPointers               = true                           {product lp64_product} {ergonomic}
     bool UseCompressedOops                        = true                           {product lp64_product} {ergonomic}
     bool UseLargePagesIndividualAllocation        = false                                  {pd product} {ergonomic}
     bool UseParallelGC                            = true                                      {product} {command line}

Logging:
Log output configuration:
 #0: stdout all=off uptime,level,tags
 #1: stderr all=off uptime,level,tags

Environment Variables:
PATH=C:\Program Files\Common Files\Oracle\Java\javapath;C:\WINDOWS\system32;C:\WINDOWS;C:\WINDOWS\System32\Wbem;C:\WINDOWS\System32\WindowsPowerShell\v1.0\;C:\WINDOWS\System32\OpenSSH\;C:\Program Files\nodejs\;C:\Users\gtkri\AppData\Local\Microsoft\WindowsApps;;C:\Users\gtkri\AppData\Local\Programs\Microsoft VS Code\bin;C:\Users\gtkri\AppData\Roaming\npm
USERNAME=gtkri
OS=Windows_NT
PROCESSOR_IDENTIFIER=Intel64 Family 6 Model 140 Stepping 1, GenuineIntel
TMP=C:\Users\gtkri\AppData\Local\Temp
TEMP=C:\Users\gtkri\AppData\Local\Temp



---------------  S Y S T E M  ---------------

OS:
 Windows 11 , 64 bit Build 22621 (10.0.22621.755)
OS uptime: 0 days 0:45 hours
Hyper-V role detected

CPU: total 8 (initial active 8) (4 cores per cpu, 2 threads per core) family 6 model 140 stepping 1 microcode 0x86, cx8, cmov, fxsr, ht, mmx, 3dnowpref, sse, sse2, sse3, ssse3, sse4.1, sse4.2, popcnt, lzcnt, tsc, tscinvbit, avx, avx2, aes, erms, clmul, bmi1, bmi2, adx, avx512f, avx512dq, avx512cd, avx512bw, avx512vl, sha, fma, vzeroupper, avx512_vpopcntdq, avx512_vpclmulqdq, avx512_vaes, avx512_vnni, clflush, clflushopt, clwb, avx512_vbmi2, avx512_vbmi, hv

Memory: 4k page, system-wide physical 7886M (1160M free)
TotalPageFile size 7886M (AvailPageFile size 4M)
current process WorkingSet (physical memory assigned to process): 190M, peak: 201M
current process commit charge ("private bytes"): 276M, peak: 294M

vm_info: OpenJDK 64-Bit Server VM (17.0.4.1+1) for windows-amd64 JRE (17.0.4.1+1), built on Aug 17 2022 07:42:43 by "temurin" with MS VC++ 16.7 (VS2019)

END.
